[22/11/21] [22:25:00] Alexandr Ksoxz | Adrenaline to id: 66930
[22/11/21] [23:14:40] Alexandr Ksoxz | Adrenaline to id: 66928
[22/11/21] [23:15:46] Alexandr Ksoxz | Heal to id: 66928
[22/11/21] [23:16:00] Alexandr Ksoxz | Heal to id: 66928
[22/11/21] [23:16:11] Alexandr Ksoxz | Adrenaline to id: 66928
[22/11/21] [23:16:17] Alexandr Ksoxz | Heal to id: 66928
[22/11/21] [23:16:40] Alexandr Ksoxz | Adrenaline to id: 66928
[22/11/21] [23:16:49] Alexandr Ksoxz | Adrenaline to id: 66928
[22/11/21] [23:16:55] Alexandr Ksoxz | Adrenaline to id: 66928
[22/11/21] [23:17:00] Alexandr Ksoxz | Heal to id: 66928
[22/11/21] [23:17:19] Alexandr Ksoxz | Adrenaline to id: 66928
[22/11/21] [23:17:24] Alexandr Ksoxz | Adrenaline to id: 66928
[22/11/21] [23:17:33] Alexandr Ksoxz | Heal to id: 66928
[26/11/21] [14:49:21] Flame Flame | Adrenaline to id: 66930
[26/11/21] [14:51:08] Flame Flame | Adrenaline to id: 66947
[26/11/21] [16:49:47] Tommi Olivaros | Heal to id: 66947
[26/11/21] [17:27:15] Flame Flame | Adrenaline to id: 66930
[26/11/21] [17:46:44] Flame Flame | Adrenaline to id: 66930
[26/11/21] [17:47:21] Flame Flame | Adrenaline to id: 66930
[26/11/21] [17:50:04] Flame Flame | Adrenaline to id: 66930
[26/11/21] [17:57:35] Flame Flame | Adrenaline to id: 66930
[26/11/21] [18:00:04] Flame Flame | Adrenaline to id: 66930
[26/11/21] [18:23:03] Flame Flame | Adrenaline to id: 66930
[26/11/21] [18:25:08] Flame Flame | Adrenaline to id: 66939
[26/11/21] [18:25:13] Flame Flame | Adrenaline to id: 66930
[26/11/21] [18:25:19] Misha Tagilov | Adrenaline to id: 66929
[26/11/21] [18:26:05] Misha Tagilov | Adrenaline to id: 6929
[26/11/21] [18:26:24] Flame Flame | Adrenaline to id: 66930
[26/11/21] [18:26:32] Misha Tagilov | Adrenaline to id: 66929
[26/11/21] [18:26:43] Misha Tagilov | Adrenaline to id: 6929
[26/11/21] [18:26:52] Misha Tagilov | Adrenaline to id: 66929
[26/11/21] [18:27:33] Misha Tagilov | Adrenaline to id: 66929
[26/11/21] [18:29:12] Flame Flame | Adrenaline to id: 66930
[26/11/21] [18:29:38] Flame Flame | Adrenaline to id: 66930
[26/11/21] [18:30:07] Flame Flame | Adrenaline to id: 66930
[26/11/21] [21:02:51] Flame Flame | Adrenaline to id: 66930
[27/11/21] [15:11:25] Flame Flame | Adrenaline to id: 66930
[27/11/21] [15:39:24] Flame Flame | Adrenaline to id: 66930
[27/11/21] [15:39:25] Misha Tagilov | Adrenaline to id: 66929
[27/11/21] [15:40:58] Flame Flame | Adrenaline to id: 66930
[27/11/21] [16:42:52] Misha Tagilov | Adrenaline to id: 66929
[27/11/21] [16:51:34] Misha Tagilov | Adrenaline to id: 66929
[27/11/21] [19:48:27] Misha Tagilov | Adrenaline to id: 66929
[27/11/21] [23:15:44] Flame Flame | Adrenaline to id: 66930
[27/11/21] [23:22:13] Alexandr Ksoxz | Adrenaline to id: 66928
[27/11/21] [23:22:29] Alexandr Ksoxz | Adrenaline to id: 66928
[27/11/21] [23:22:51] Alexandr Ksoxz | Heal to id: 66928
[27/11/21] [23:23:52] Alexandr Ksoxz | Adrenaline to id: 66928
[27/11/21] [23:24:08] Alexandr Ksoxz | Heal to id: 66928
[27/11/21] [23:30:08] Flame Flame | Adrenaline to id: 66930
[27/11/21] [23:43:10] Alexandr Ksoxz | Heal to id: 66928
[27/11/21] [23:43:44] Alexandr Ksoxz | Adrenaline to id: 66928
[27/11/21] [23:57:23] Flame Flame | Adrenaline to id: 66930
[28/11/21] [00:55:53] Flame Flame | Adrenaline to id: 66928
[28/11/21] [00:56:55] Alexandr Ksoxz | Heal to id: 66928
[28/12/21] [01:28:02] Alexandr Ksoxz | Heal to id: 66928
[28/11/21] [12:16:28] John Lazzaro | Heal to id: 66946
[28/11/21] [12:35:05] Alexandr Ksoxz | Heal to id: 66928
[28/11/21] [12:43:48] Alexandr Ksoxz | Adrenaline to id: 66928
[28/11/21] [12:43:58] Alexandr Ksoxz | Heal to id: 66928
[28/11/21] [12:49:56] Alexandr Ksoxz | Adrenaline to id: 66928
[28/11/21] [12:50:04] Alexandr Ksoxz | Heal to id: 66928
[29/11/21] [21:40:06] Alexandr Ksoxz | Adrenaline to id: 66928
[29/11/21] [21:40:33] Alexandr Ksoxz | Heal to id: 66928
[30/11/21] [15:30:02] Alexandr Ksoxz | Adrenaline to id: 66928
[30/11/21] [17:00:44] Alexandr Ksoxz | Heal to id: 66928
[30/11/21] [17:00:54] Alexandr Ksoxz | Adrenaline to id: 66928
[30/11/21] [17:01:09] Alexandr Ksoxz | Heal to id: 66928
