[17/11/21] [15:01:49] Test Test - xuy
[17/11/21] [15:08:35] Test Test - vffg
[17/11/21] [16:06:05] Test Test - rs6
[17/11/21] [16:06:30] Test Test - amggt
[17/11/21] [17:15:10] Test Test - modelx
[22/11/21] [21:50:31] Flame Flame - amggt63s
[22/11/21] [22:15:31] Flame Flame - amggt63s
[22/11/21] [22:21:43] Flame Flame - amggt63s
[22/11/21] [22:24:46] Alexandr Ksoxz - yzfr7
[22/11/21] [22:28:45] Alexandr Ksoxz - yzfr7
[22/11/21] [22:33:45] Alexandr Ksoxz - g500
[22/11/21] [22:40:38] Alexandr Ksoxz - g500
[22/11/21] [23:05:09] Alexandr Ksoxz - g500
[23/11/21] [19:30:13] Alexandr Ksoxz - sanchez2
[23/11/21] [19:40:55] Alexandr Ksoxz - yzfr7
[26/11/21] [17:23:33] Flame Flame - yzf8r7
[26/11/21] [17:23:40] Flame Flame - yzrf7
[26/11/21] [17:24:08] Flame Flame - yzfr7
[26/11/21] [17:25:53] John Lazzaro - yzfr7
[26/11/21] [17:27:25] Flame Flame - yzfr7
[26/11/21] [18:12:47] Alexandr Ksoxz - yzfr7
[26/11/21] [18:13:13] Alexandr Ksoxz - yzfr7
[26/11/21] [18:13:30] Alexandr Ksoxz - bimbuchka
[26/11/21] [18:13:42] Alexandr Ksoxz - bombuchka
[26/11/21] [18:13:50] Alexandr Ksoxz - bonbuchka
[26/11/21] [18:14:02] Alexandr Ksoxz - bombuchka
[26/11/21] [18:14:10] Alexandr Ksoxz - g500
[26/11/21] [18:15:01] Alexandr Ksoxz - froger
[26/11/21] [18:15:11] Alexandr Ksoxz - havock
[26/11/21] [18:15:17] Alexandr Ksoxz - havock
[26/11/21] [18:15:24] Alexandr Ksoxz - frogger
[26/11/21] [19:37:06] Misha Tagilov - bmx
[26/11/21] [19:37:56] Misha Tagilov - bmx
[26/11/21] [19:40:08] Misha Tagilov - bmx
[26/11/21] [19:41:11] Misha Tagilov - bmx
[26/11/21] [20:44:18] Aleksandr Bernardi - priora
[26/11/21] [21:01:37] Flame Flame - amggt63s
[26/11/21] [21:02:31] Flame Flame - polcorvet
[26/11/21] [21:03:31] Flame Flame - m5f90
[26/11/21] [21:04:25] Flame Flame - lp700
[26/11/21] [21:05:06] Flame Flame - panamera17turbo
[26/11/21] [21:05:42] Flame Flame - x5m
[26/11/21] [21:06:07] Flame Flame - modelx
[26/11/21] [21:06:38] Flame Flame - land200
[26/11/21] [21:07:30] Flame Flame - gtr
[26/11/21] [21:07:40] Flame Flame - rs6
[26/11/21] [21:07:55] Flame Flame - yzfr7
[26/11/21] [21:09:41] Flame Flame - sheriff1
[26/11/21] [21:09:47] Flame Flame - hydra
[26/11/21] [21:10:41] Flame Flame - s63
[26/11/21] [21:12:17] Flame Flame - e63s
[26/11/21] [21:18:32] Flame Flame - amggt63s
[27/11/21] [15:44:18] Misha Tagilov - lp700
[27/11/21] [16:13:03] Misha Tagilov - bmx
[27/11/21] [16:13:06] Alexandr Ksoxz - stanier
[27/11/21] [16:13:27] Alexandr Ksoxz - taxi
[27/11/21] [16:14:00] Alexandr Ksoxz - sc1
[27/11/21] [16:26:40] Alexandr Ksoxz - bmx
[27/11/21] [16:26:47] Misha Tagilov - bmx
[27/11/21] [16:35:21] Misha Tagilov - Stromberg 
[27/11/21] [16:37:22] Misha Tagilov - stromberg
[27/11/21] [16:43:23] Misha Tagilov - stromberg
[27/11/21] [16:53:35] Misha Tagilov - stromberg
[27/11/21] [16:59:08] Misha Tagilov - stromberg
[27/11/21] [17:34:30] John Lazzaro - g500
[27/11/21] [18:01:15] Alexandr Ksoxz - BfInjection
[27/11/21] [18:01:55] Misha Tagilov - khanjali
[27/11/21] [18:02:12] Alexandr Ksoxz - Asterope
[27/11/21] [18:02:56] Misha Tagilov - stromberg
[27/11/21] [18:03:39] Misha Tagilov - stromberg
[27/11/21] [18:07:00] Misha Tagilov - deluxo
[27/11/21] [18:09:32] Misha Tagilov - stromberg
[27/11/21] [18:32:07] Alexandr Ksoxz - r8v10
[27/11/21] [18:33:22] Alexandr Ksoxz - amggt63s
[27/11/21] [18:37:44] Alexandr Ksoxz - Amggt
[27/11/21] [18:38:33] Alexandr Ksoxz - E63s
[27/11/21] [19:00:21] Misha Tagilov - sentinel3
[27/11/21] [19:03:55] Misha Tagilov - vigilante
[27/11/21] [19:52:05] Misha Tagilov - seashark2\
[27/11/21] [19:52:33] Misha Tagilov - seashark2
[27/11/21] [19:54:18] Misha Tagilov - kosatka
[27/11/21] [19:54:55] Misha Tagilov - kosatka
[27/11/21] [19:55:46] Misha Tagilov - vigilante
[27/11/21] [20:02:17] Misha Tagilov - vigilante
[27/11/21] [20:05:51] Alexandr Ksoxz - rcbandito
[27/11/21] [22:49:16] Alexandr Ksoxz - lp700
[27/11/21] [23:02:30] Alexandr Ksoxz - r8v10
[27/11/21] [23:02:56] Alexandr Ksoxz - rculi
[27/11/21] [23:09:51] Flame Flame - insurgent2
[27/11/21] [23:14:40] Flame Flame - baller6
[27/11/21] [23:16:18] Flame Flame - xls2
[27/11/21] [23:16:43] Flame Flame - limo2
[27/11/21] [23:18:06] Flame Flame - kuruma2
[28/12/21] [01:50:36] Alexandr Ksoxz - g500'
[28/12/21] [01:58:38] Alexandr Ksoxz - bmx
[28/11/21] [12:04:00] Alexandr Ksoxz - g500
[28/11/21] [12:20:39] Alexandr Ksoxz - panamera17turbo
[28/11/21] [12:21:58] John Lazzaro - g500
[28/11/21] [12:22:41] Alexandr Ksoxz - yamzr7
[28/11/21] [12:23:02] John Lazzaro - yxr7
[28/11/21] [12:23:24] John Lazzaro - yzr7
[28/11/21] [12:23:29] Alexandr Ksoxz - yzfr7
[28/11/21] [12:24:00] John Lazzaro - zx10r
[28/11/21] [12:30:24] Alexandr Ksoxz - ninja300
[28/11/21] [12:36:22] Alexandr Ksoxz - bmx
[28/11/21] [12:39:49] Alexandr Ksoxz - bmx
[28/11/21] [12:40:36] Alexandr Ksoxz - bmx
[28/11/21] [12:46:57] Alexandr Ksoxz - g500
[28/11/21] [12:56:30] Misha Tagilov - ninja
[28/11/21] [12:56:42] Misha Tagilov - ninja300
[28/11/21] [13:03:22] Misha Tagilov - kosatka
[28/11/21] [13:07:00] Misha Tagilov - blazer5
[29/11/21] [14:03:15] Alexandr Ksoxz - frogger
[29/11/21] [14:04:36] Alexandr Ksoxz - havok
[29/11/21] [14:14:07] Alexandr Ksoxz - bmx
[29/11/21] [14:14:39] Misha Tagilov - bmx
[29/11/21] [14:14:56] Alexandr Ksoxz - SANCHEZ
[29/11/21] [14:15:37] Misha Tagilov - sanshaz
[29/11/21] [14:16:41] Misha Tagilov - shotaro
[29/11/21] [14:19:13] Misha Tagilov - rrocket
[29/11/21] [14:19:41] Alexandr Ksoxz - sanchez2
[29/11/21] [14:20:27] Misha Tagilov - blazer5
[29/11/21] [14:21:38] Alexandr Ksoxz - yafzr7
[29/11/21] [14:21:55] Alexandr Ksoxz - yfzr7
[29/11/21] [14:21:56] Misha Tagilov - blazer5
[29/11/21] [14:22:25] Misha Tagilov - hihja300
[29/11/21] [14:22:35] Misha Tagilov - ninja300
[29/11/21] [14:24:11] Alexandr Ksoxz - yamzr7
[29/11/21] [14:25:22] Alexandr Ksoxz - yzfr7
[29/11/21] [14:29:28] Misha Tagilov - yamzr7
[29/11/21] [14:34:06] Misha Tagilov - rcbandito
[29/11/21] [14:56:34] Misha Tagilov - kosatka
[29/11/21] [14:58:55] Misha Tagilov - kosatka
[29/11/21] [14:59:49] Misha Tagilov - seashark3
[29/11/21] [15:02:21] Misha Tagilov - blazer5
[29/11/21] [15:08:39] Misha Tagilov - blazer5
[29/11/21] [15:08:51] Misha Tagilov - blazer5
[29/11/21] [15:09:17] Misha Tagilov - blazer5
[29/11/21] [15:09:47] Misha Tagilov - blazer5
[29/11/21] [15:47:29] Alexandr Ksoxz - phantom
[29/11/21] [20:36:09] Alexandr Ksoxz - lp700
[29/11/21] [21:31:36] Alexandr Ksoxz - nero
[29/11/21] [21:38:36] Alexandr Ksoxz - nero
[29/11/21] [21:44:49] Alexandr Ksoxz - nero
[30/11/21] [14:52:52] Misha Tagilov - ninja300
[30/11/21] [14:53:05] Misha Tagilov - lp700
[30/11/21] [15:11:39] Misha Tagilov - lp700
[30/11/21] [15:17:14] Misha Tagilov - ninja300
[30/11/21] [16:54:01] Misha Tagilov - g63
[30/11/21] [16:55:58] Misha Tagilov - g63amg
[30/11/21] [16:56:12] Alexandr Ksoxz - amg63s
[30/11/21] [16:56:15] Misha Tagilov - amg63
[30/11/21] [16:56:19] Alexandr Ksoxz - amg63
[30/11/21] [16:56:51] Misha Tagilov - amggt63s
[30/11/21] [16:56:53] Alexandr Ksoxz - amggt63s
[30/11/21] [16:59:33] Misha Tagilov - rcbandito\
[30/11/21] [16:59:39] Misha Tagilov - rcbandito
[30/11/21] [16:59:47] Misha Tagilov - rcbandito
[30/11/21] [17:02:26] Misha Tagilov - cutter
[30/11/21] [17:03:05] Alexandr Ksoxz - phantom
[30/11/21] [17:03:18] Alexandr Ksoxz - trailer
[30/11/21] [17:03:49] Misha Tagilov - trailers2
[30/11/21] [17:04:13] Misha Tagilov - trailers2
[30/11/21] [17:04:47] Misha Tagilov - trailers2
[30/11/21] [17:04:55] Misha Tagilov - trailers2
[30/11/21] [17:06:26] Misha Tagilov - armytrailer2
[30/11/21] [17:06:46] Misha Tagilov - vigilante
[30/11/21] [17:13:27] Alexandr Ksoxz - phantom
[01/12/21] [16:49:42] Alexandr Ksoxz - lp700
[01/12/21] [18:07:34] Alexandr Ksoxz - lp700\
[01/12/21] [18:07:47] Alexandr Ksoxz - lp700
[01/12/21] [18:08:06] Alexandr Ksoxz - lp700
[01/12/21] [18:10:46] Alexandr Ksoxz - lp700
[01/12/21] [18:15:49] Alexandr Ksoxz - lp700
[01/12/21] [18:30:21] Alexandr Ksoxz - lp700
[02/12/21] [13:05:41] Alexandr Ksoxz - bmx
[02/12/21] [13:06:20] Alexandr Ksoxz - LP700
[02/12/21] [13:17:57] Aleksandr Dmitryev - L700
[02/12/21] [13:18:15] Aleksandr Dmitryev - LP700
[02/12/21] [13:26:36] Aleksandr Dmitryev - supervolito
[02/12/21] [13:29:46] Aleksandr Dmitryev - cargoplane
[02/12/21] [13:30:34] Aleksandr Dmitryev - cargoplane
[02/12/21] [13:31:38] Aleksandr Dmitryev - cargoplane
[02/12/21] [13:33:38] Aleksandr Dmitryev - luxor
[02/12/21] [13:35:06] Flame Flame - octaviataxi
[02/12/21] [13:37:26] Aleksandr Dmitryev - veyron
[02/12/21] [13:37:41] Aleksandr Dmitryev - LPveyron
[02/12/21] [13:52:18] Aleksandr Dmitryev - lamborgini Hurac
[02/12/21] [13:53:33] Aleksandr Dmitryev - specter2
[02/12/21] [13:53:46] Misha Tagilov - lp700
[02/12/21] [13:56:52] Flame Flame - kuruma2
[02/12/21] [14:01:11] Flame Flame - kuruma2
[02/12/21] [14:06:52] Misha Tagilov - bruiser3
[02/12/21] [14:22:11] Flame Flame - octaviotaxi
[02/12/21] [14:23:01] Flame Flame - octaviataxi
[07/12/21] [15:23:51] Alexandr Ksoxz - rmodbugatti
[08/12/21] [22:34:17] Alexandr Ksoxz - issi2
[09/12/21] [16:56:32] Alexandr سانيا - felon
[09/12/21] [19:26:44] Tommi Olivaros - OCTAVIYTAXI
[09/12/21] [19:27:21] Tommi Olivaros - octaviataxi
[09/12/21] [20:13:25] Alexandr Ksoxz - bugatti
[09/12/21] [20:13:52] Alexandr Ksoxz - bugatti
[09/12/21] [20:36:42] Alexandr Ksoxz - bugatti
[10/12/21] [10:33:22] Alexandr Ksoxz - r8ppi
[10/12/21] [10:55:19] Alexandr Ksoxz - veyron
[10/12/21] [10:55:25] Alexandr Ksoxz - veyron
