[17/11/21] [15:16:50] 66921 return 
[17/11/21] [16:16:18] 66921 сменил параметр b_lic => 0 на 1 66921
[17/11/21] [16:17:26] 66921 выдал -209164716$ на руки 66921
[17/11/21] [16:17:38] 66921 выдал хелперку 0 66921
[22/11/21] [22:23:53] 66928 выдал админку 0 66930
[22/11/21] [22:23:55] 66930 выдал админку 0 66930
[22/11/21] [23:11:10] 66928 сменил параметр gun_lic => 0 на 1 66928
[26/11/21] [14:07:40] 66930 выдал админку 5 66947
[26/11/21] [14:11:53] 66930 выдал фракцию 1 пользователю 66930
[26/11/21] [14:11:59] 66930 выдал ранг 14 пользователю 66930
[26/11/21] [14:15:42] 66930 выдал фракцию 2 пользователю 66930
[26/11/21] [14:15:47] 66930 выдал ранг 14 пользователю 66930
[26/11/21] [18:29:51] 66930 выдал 96044283$ на руки 66929
[27/11/21] [15:41:43] 66928 выдал фракцию 2 пользователю 66928
[27/11/21] [15:41:47] 66928 выдал ранг 14 пользователю 66928
[27/11/21] [15:48:20] 66928 выдал фракцию 19 пользователю 66928
[27/11/21] [15:48:23] 66928 выдал ранг 10 пользователю 66928
[27/11/21] [15:50:40] 66928 выдал фракцию 2 пользователю 66928
[27/11/21] [15:51:04] 66928 выдал ранг 14 пользователю 66928
[27/11/21] [15:54:36] 66928 выдал фракцию 18 пользователю 66928
[27/11/21] [15:54:40] 66928 выдал ранг 10 пользователю 66928
[27/11/21] [15:54:51] 66928 сменил параметр c_lic => 0 на 1 66928
[27/11/21] [15:55:11] 66928 выдал фракцию 0 пользователю 66928
[27/11/21] [15:56:01] 66928 сменил параметр b_lic => 0 на 1 66928
[27/11/21] [15:57:36] 66928 сменил параметр gun_lic => false на 1 66929
[27/11/21] [16:01:35] 66928 выдал фракцию 11 пользователю 66928
[27/11/21] [16:01:40] 66928 выдал ранг 9 пользователю 66928
[27/11/21] [16:14:37] 66928 сменил параметр skill_taxi => 0 на 10000 66928
[27/11/21] [19:42:49] 66928 сменил параметр id_house => 0 на 356 66928
[27/11/21] [19:43:45] 66928 выдал фракцию 0 пользователю 66928
[27/11/21] [20:03:05] 66928 выдал админку 0 66929
[27/11/21] [22:41:04] 66928 выдал фракцию 8 пользователю 66928
[27/11/21] [22:41:08] 66928 выдал ранг 10 пользователю 66928
[27/11/21] [22:54:10] 66928 сменил параметр business_id => 0 на 175 66928
[27/11/21] [23:24:51] 66928 выдал фракцию 16 пользователю 66928
[27/11/21] [23:24:57] 66928 выдал ранг 14 пользователю 66928
[28/11/21] [11:58:45] 66928 выдал фракцию 8 пользователю 66928
[28/11/21] [11:58:47] 66928 выдал ранг 10 пользователю 66928
[28/11/21] [12:01:33] 66928 выдал админку 5 66929
[28/11/21] [12:06:08] 66928 сменил параметр ship_lic => 0 на 1 66928
[28/11/21] [12:06:14] 66928 сменил параметр air_lic => 0 на 1 66928
[28/11/21] [12:06:27] 66928 сменил параметр vip_status =>  на  66928
[28/11/21] [12:12:57] 66946 return 
[28/11/21] [12:19:56] 66928 сменил параметр b_lic => 0 на 1 66946
[29/11/21] [14:29:38] 66928 выдал фракцию 2 пользователю 66928
[29/11/21] [14:29:41] 66928 выдал ранг 14 пользователю 66928
[29/11/21] [15:48:45] 66928 выдал фракцию 0 пользователю 66928
[29/11/21] [15:48:58] 66928 сменил параметр fish_lic => 0 на 1 66928
[29/11/21] [15:49:02] 66928 сменил параметр a_lic => 0 на 1 66928
[29/11/21] [17:24:36] 66928 выдал фракцию 19 пользователю 66928
[29/11/21] [17:24:38] 66928 выдал ранг 10 пользователю 66928
[29/11/21] [17:56:21] 66928 выдал ранг 10 пользователю 66928
[29/11/21] [17:56:25] 66928 выдал фракцию 2 пользователю 66928
[29/11/21] [17:56:28] 66928 выдал ранг 14 пользователю 66928
[29/11/21] [18:08:18] 66928 выдал фракцию 19 пользователю 66928
[29/11/21] [18:08:23] 66928 выдал ранг 10 пользователю 66928
[30/11/21] [16:26:01] 66929 выдал фракцию 0 пользователю 66929
[30/11/21] [17:04:19] 66928 сменил параметр skill_taxi => 10000 на 0 66928
[30/11/21] [17:04:30] 66928 сменил параметр skill_trucker => 1 на 10000 66928
[30/11/21] [17:04:50] 66928 выдал фракцию 0 пользователю 66928
[01/12/21] [19:41:53] 66928 сменил параметр skill_taxi => 3 на 3000 66928
[02/12/21] [13:42:27] 66930 сменил параметр skill_trucker => 0 на 100 66929
[02/12/21] [13:42:59] 66940 выдал фракцию 8 пользователю 66940
[02/12/21] [13:44:20] 66930 сменил параметр skill_trucker => 100 на 10000 66929
[02/12/21] [13:49:04] 66940 выдал ранг 10 пользователю 66940
[02/12/21] [14:27:04] 66930 сменил параметр skill_taxi => 0 на 10000 66930
[08/12/21] [22:57:25] 1 сменил параметр b_lic => 1 на 0 1
[09/12/21] [16:52:29] 1 сменил параметр money => 778 на 27000000 1
[09/12/21] [17:08:06] 1 сменил параметр id_house => 356 на 0 1
[09/12/21] [17:11:58] 1 сменил параметр b_lic => 0 на 1 1
[09/12/21] [17:12:04] 1 сменил параметр c_lic => 0 на 1 1
[09/12/21] [17:12:15] 1 сменил параметр air_lic => 0 на 1 1
[09/12/21] [17:12:22] 1 сменил параметр ship_lic => 0 на 1 1
[09/12/21] [17:12:31] 1 сменил параметр gun_lic => 0 на 1 1
[09/12/21] [17:12:42] 1 сменил параметр fish_lic => 0 на 1 1
[09/12/21] [17:49:17] 1 выдал админку 5 2
[09/12/21] [18:17:26] 1 выдал фракцию 9 пользователю 2
[09/12/21] [18:17:31] 1 выдал ранг 10 пользователю 2
[09/12/21] [18:18:16] 1 сменил параметр money => 1114 на 1000000000 1
[09/12/21] [18:24:26] 3 выдал -10000000000$ на руки 3
[09/12/21] [18:25:40] 3 выдал 9000001210$ в банк 3
[09/12/21] [18:33:21] 1 сменил параметр air_lic => 0 на 1 1
[09/12/21] [18:34:00] 1 сменил параметр a_lic => 0 на 2 1
[09/12/21] [18:34:06] 1 сменил параметр a_lic => 2 на 1 1
[09/12/21] [18:49:26] 1 выдал фракцию 16 пользователю 1
[09/12/21] [18:49:29] 1 выдал ранг 14 пользователю 1
[09/12/21] [19:15:36] 3 выдал фракцию 8 пользователю 5
[09/12/21] [19:15:59] 3 выдал ранг 10 пользователю 5
[09/12/21] [19:30:24] 1 выдал 98998316$ на руки 5
[09/12/21] [19:50:35] 1 сменил параметр gun_lic => 0 на 1 5
[09/12/21] [19:52:09] 1 сменил параметр money => 269050 на 20000000 5
[10/12/21] [09:56:00] 1 выдал фракцию 11 пользователю 1
[10/12/21] [09:56:03] 1 выдал ранг 10 пользователю 1
