[17/11/21] [15:09:34] /me Test Test (66921): показал документы
[17/11/21] [15:25:16] /me Test Test (66921): выпил виски
[17/11/21] [15:47:31] /me Test Test (66921): взял с Склад РђСЂСЃРµРЅР°Р» FIB в Инвентарь игрока ID: 66921 "Шокер"
[17/11/21] [15:47:38] /me Test Test (66921): взял с Склад РђСЂСЃРµРЅР°Р» FIB в Инвентарь игрока ID: 66921 "Полицейская дубинка"
[17/11/21] [15:47:42] /me Test Test (66921): взял с Склад РђСЂСЃРµРЅР°Р» FIB в Инвентарь игрока ID: 66921 "AK-102"
[17/11/21] [15:47:45] /me Test Test (66921): взял с Склад РђСЂСЃРµРЅР°Р» FIB в Инвентарь игрока ID: 66921 "Бронежилет"
[17/11/21] [15:47:48] /me Test Test (66921): взял с Склад РђСЂСЃРµРЅР°Р» FIB в Инвентарь игрока ID: 66921 "Полицейское огорождение"
[17/11/21] [15:47:52] /me Test Test (66921): взял с Склад РђСЂСЃРµРЅР°Р» FIB в Инвентарь игрока ID: 66921 "Наручники"
[17/11/21] [15:47:59] /me Test Test (66921): взял с Склад РђСЂСЃРµРЅР°Р» FIB в Инвентарь игрока ID: 66921 "Красный конус"
[17/11/21] [15:48:14] /me Test Test (66921): Экипировал Шокер
[17/11/21] [15:48:18] /me Test Test (66921): Экипировал AK-102
[17/11/21] [15:48:23] /me Test Test (66921): Экипировал Полицейская дубинка
[17/11/21] [15:48:54] /me Test Test (66921): взял с Склад РђСЂСЃРµРЅР°Р» FIB в Инвентарь игрока ID: 66921 "Коробка патронов 7.62mm"
[17/11/21] [15:48:58] /me Test Test (66921): взял с Склад РђСЂСЃРµРЅР°Р» FIB в Инвентарь игрока ID: 66921 "Коробка патронов 7.62mm"
[17/11/21] [15:49:03] /me Test Test (66921): взял с Склад РђСЂСЃРµРЅР°Р» FIB в Инвентарь игрока ID: 66921 "Коробка патронов 7.62mm"
[17/11/21] [15:49:19] /me Test Test (66921): считает патроны
[17/11/21] [15:49:24] /me Test Test (66921): Экипировал Коробка патронов 7.62mm
[17/11/21] [15:49:53] /me Test Test (66921): считает патроны
[17/11/21] [15:49:57] /me Test Test (66921): Экипировал Коробка патронов 7.62mm
[17/11/21] [15:50:14] /me Test Test (66921): взял с Склад РђСЂСЃРµРЅР°Р» FIB в Инвентарь игрока ID: 66921 "Коробка патронов 9mm (Пистолет)"
[17/11/21] [15:50:17] /me Test Test (66921): взял с Склад РђСЂСЃРµРЅР°Р» FIB в Инвентарь игрока ID: 66921 "Коробка патронов 5.56mm"
[17/11/21] [15:50:23] /me Test Test (66921): взял с Склад РђСЂСЃРµРЅР°Р» FIB в Инвентарь игрока ID: 66921 "Коробка патронов 12.7mm"
[17/11/21] [15:50:35] /me Test Test (66921): Экипировал Коробка патронов 5.56mm
[17/11/21] [16:22:06] /me Test Test (66921): показал документы
[17/11/21] [16:34:28] /me Test Test (66921): показал документы
[22/11/21] [22:41:57] /me Alexandr Ksoxz (66928): взял с Инвентарь игрока ID: 66930 в Инвентарь игрока ID: 66928 "AK-103"
[22/11/21] [23:10:03] /me Alexandr Ksoxz (66928): Экипировал AK-103
[22/11/21] [23:10:06] /me Alexandr Ksoxz (66928): считает патроны
[22/11/21] [23:10:09] /me Alexandr Ksoxz (66928): Экипировал Коробка патронов 9mm (SMG)
[22/11/21] [23:10:12] /me Alexandr Ksoxz (66928): выкинул на землю "Коробка патронов 9mm (SMG)"
[22/11/21] [23:10:14] /me Alexandr Ksoxz (66928): выкинул на землю "Коробка патронов 9mm (SMG)"
[22/11/21] [23:10:16] /me Alexandr Ksoxz (66928): выкинул на землю "Коробка патронов 9mm (SMG)"
[22/11/21] [23:10:19] /me Alexandr Ksoxz (66928): выкинул на землю "Коробка патронов 9mm (SMG)"
[22/11/21] [23:11:42] /me Alexandr Ksoxz (66928): выкинул на землю "AK-103"
[22/11/21] [23:11:48] /me Flame Flame (66930): поднял с земли "AK-103"
[22/11/21] [23:11:50] /me Flame Flame (66930): Экипировал AK-103
[22/11/21] [23:13:00] /me Flame Flame (66930): Экипировал QBZ-97
[22/11/21] [23:13:03] /me Flame Flame (66930): считает патроны
[22/11/21] [23:13:05] /me Flame Flame (66930): Экипировал Коробка патронов 5.56mm
[22/11/21] [23:13:23] /me Alexandr Ksoxz (66928): Экипировал P-90
[22/11/21] [23:13:27] /me Alexandr Ksoxz (66928): Экипировал Коробка патронов 9mm (SMG)
[22/11/21] [23:14:40] /me Alexandr Ksoxz (66928): использовал дефибриллятор на пострадавшем
[22/11/21] [23:15:11] /me Alexandr Ksoxz (66928): поднял с земли "P-90"
[22/11/21] [23:15:12] /me Alexandr Ksoxz (66928): поднял с земли "Коробка патронов 9mm (SMG)"
[22/11/21] [23:16:11] /me Alexandr Ksoxz (66928): использовал дефибриллятор на пострадавшем
[22/11/21] [23:16:40] /me Alexandr Ksoxz (66928): использовал дефибриллятор на пострадавшем
[22/11/21] [23:16:49] /me Alexandr Ksoxz (66928): использовал дефибриллятор на пострадавшем
[22/11/21] [23:16:55] /me Alexandr Ksoxz (66928): использовал дефибриллятор на пострадавшем
[22/11/21] [23:17:19] /me Alexandr Ksoxz (66928): использовал дефибриллятор на пострадавшем
[22/11/21] [23:17:24] /me Alexandr Ksoxz (66928): использовал дефибриллятор на пострадавшем
[23/11/21] [17:18:44] /me Misha Tagilov (66929): пристегнул ремень безопасности
[23/11/21] [17:27:28] /me Misha Tagilov (66929): пристегнул ремень безопасности
[23/11/21] [17:40:39] /me Misha Tagilov (66929): пристегнул ремень безопасности
[23/11/21] [18:55:41] /me Misha Tagilov (66929): пристегнул ремень безопасности
[26/11/21] [13:47:44] /me Tommi Olivaros (66947): показал документы
[26/11/21] [13:59:37] /me Tommi Olivaros (66947): выпил текилу
[26/11/21] [14:17:19] /me Tommi Olivaros (66947): взял с Склад Арсенал LSPD в Инвентарь игрока ID: 66947 "AKS-47u"
[26/11/21] [14:17:23] /me Tommi Olivaros (66947): взял с Инвентарь игрока ID: 66930 в Инвентарь игрока ID: 66947 "Коробка патронов 5.56mm"
[26/11/21] [14:17:33] /me Flame Flame (66930): взял с Инвентарь игрока ID: 66947 в Инвентарь игрока ID: 66930 "AKS-47u"
[26/11/21] [14:17:53] /me Flame Flame (66930): положил с Инвентарь игрока ID: 66930 в Инвентарь игрока ID: 66947 "QBZ-97"
[26/11/21] [14:20:19] /me Flame Flame (66930): пристегнул ремень безопасности
[26/11/21] [14:26:42] /me Tommi Olivaros (66947): пристегнул ремень безопасности
[26/11/21] [14:32:31] /me Tommi Olivaros (66947): Экипировал QBZ-97
[26/11/21] [14:32:33] /me Tommi Olivaros (66947): Экипировал Коробка патронов 5.56mm
[26/11/21] [14:32:57] /me Flame Flame (66930): пристегнул ремень безопасности
[26/11/21] [14:33:01] /me Tommi Olivaros (66947): пристегнул ремень безопасности
[26/11/21] [14:33:07] /me Tommi Olivaros (66947): отстегнул ремень безопасности
[26/11/21] [14:33:13] /me Tommi Olivaros (66947): пристегнул ремень безопасности
[26/11/21] [14:34:06] /me Tommi Olivaros (66947): пристегнул ремень безопасности
[26/11/21] [14:49:21] /me Flame Flame (66930): использовал дефибриллятор на пострадавшем
[26/11/21] [14:51:08] /me Flame Flame (66930): использовал дефибриллятор на пострадавшем
[26/11/21] [16:44:40] /me Tommi Olivaros (66947): Экипировал QBZ-97
[26/11/21] [16:44:53] /me Tommi Olivaros (66947): Экипировал Коробка патронов 5.56mm
[26/11/21] [16:48:08] /me Tommi Olivaros (66947): Экипировал QBZ-97
[26/11/21] [17:18:55] /me Flame Flame (66930): пристегнул ремень безопасности
[26/11/21] [17:27:15] /me Flame Flame (66930): использовал дефибриллятор на пострадавшем
[26/11/21] [17:46:44] /me Flame Flame (66930): использовал дефибриллятор на пострадавшем
[26/11/21] [17:47:21] /me Flame Flame (66930): использовал дефибриллятор на пострадавшем
[26/11/21] [17:50:04] /me Flame Flame (66930): использовал дефибриллятор на пострадавшем
[26/11/21] [17:57:35] /me Flame Flame (66930): использовал дефибриллятор на пострадавшем
[26/11/21] [18:00:04] /me Flame Flame (66930): использовал дефибриллятор на пострадавшем
[26/11/21] [18:02:17] /me Flame Flame (66930): пристегнул ремень безопасности
[26/11/21] [18:04:32] /me Alexandr Ksoxz (66928): пристегнул ремень безопасности
[26/11/21] [18:08:56] /me Tommi Olivaros (66947): показал документы
[26/11/21] [18:13:23] /me Misha Tagilov (66929): положил с Инвентарь игрока ID: 66929 в Инвентарь игрока ID: 66947 "Наручники"
[26/11/21] [18:13:26] /me Misha Tagilov (66929): положил с Инвентарь игрока ID: 66929 в Инвентарь игрока ID: 66947 "Планшет"
[26/11/21] [18:13:36] /me Tommi Olivaros (66947): положил с Инвентарь игрока ID: 66947 в Инвентарь игрока ID: 66929 "Наручники"
[26/11/21] [18:14:15] /me Alexandr Ksoxz (66928): пристегнул ремень безопасности
[26/11/21] [18:20:26] /me Misha Tagilov (66929): взял с Инвентарь игрока ID: 66947 в Инвентарь игрока ID: 66929 "Планшет"
[26/11/21] [18:23:03] /me Flame Flame (66930): использовал дефибриллятор на пострадавшем
[26/11/21] [18:25:13] /me Flame Flame (66930): использовал дефибриллятор на пострадавшем
[26/11/21] [18:25:19] /me Misha Tagilov (66929): использовал дефибриллятор на пострадавшем
[26/11/21] [18:26:24] /me Flame Flame (66930): использовал дефибриллятор на пострадавшем
[26/11/21] [18:26:32] /me Misha Tagilov (66929): использовал дефибриллятор на пострадавшем
[26/11/21] [18:26:52] /me Misha Tagilov (66929): использовал дефибриллятор на пострадавшем
[26/11/21] [18:27:33] /me Misha Tagilov (66929): использовал дефибриллятор на пострадавшем
[26/11/21] [18:29:12] /me Flame Flame (66930): использовал дефибриллятор на пострадавшем
[26/11/21] [18:29:38] /me Flame Flame (66930): использовал дефибриллятор на пострадавшем
[26/11/21] [18:30:07] /me Flame Flame (66930): использовал дефибриллятор на пострадавшем
[26/11/21] [19:18:20] /me Misha Tagilov (66929): пристегнул ремень безопасности
[26/11/21] [19:19:27] /me Misha Tagilov (66929): отстегнул ремень безопасности
[26/11/21] [19:19:35] /me Misha Tagilov (66929): пристегнул ремень безопасности
[26/11/21] [20:45:15] /me Aleksandr Bernardi (66949): пристегнул ремень безопасности
[26/11/21] [20:45:28] /me Aleksandr Bernardi (66949): отстегнул ремень безопасности
[26/11/21] [20:45:33] /me Aleksandr Bernardi (66949): пристегнул ремень безопасности
[26/11/21] [20:47:11] /me Aleksandr Bernardi (66949): пристегнул ремень безопасности
[26/11/21] [20:52:21] /me Aleksandr Bernardi (66949): пристегнул ремень безопасности
[26/11/21] [20:56:38] /me Aleksandr Bernardi (66949): пристегнул ремень безопасности
[26/11/21] [20:59:40] /me Aleksandr Bernardi (66949): пристегнул ремень безопасности
[26/11/21] [20:59:43] /me Flame Flame (66930): пристегнул ремень безопасности
[26/11/21] [21:00:58] /me Flame Flame (66930): пристегнул ремень безопасности
[26/11/21] [21:01:48] /me Aleksandr Bernardi (66949): пристегнул ремень безопасности
[26/11/21] [21:02:39] /me Aleksandr Bernardi (66949): пристегнул ремень безопасности
[26/11/21] [21:02:51] /me Flame Flame (66930): использовал дефибриллятор на пострадавшем
[26/11/21] [21:02:57] /me Flame Flame (66930): пристегнул ремень безопасности
[26/11/21] [21:04:47] /me Aleksandr Bernardi (66949): пристегнул ремень безопасности
[26/11/21] [21:05:17] /me Aleksandr Bernardi (66949): пристегнул ремень безопасности
[26/11/21] [21:05:48] /me Aleksandr Bernardi (66949): пристегнул ремень безопасности
[26/11/21] [21:06:17] /me Aleksandr Bernardi (66949): пристегнул ремень безопасности
[26/11/21] [21:06:47] /me Aleksandr Bernardi (66949): пристегнул ремень безопасности
[26/11/21] [21:08:15] /me Aleksandr Bernardi (66949): пристегнул ремень безопасности
[26/11/21] [21:08:18] /me Flame Flame (66930): пристегнул ремень безопасности
[26/11/21] [21:11:31] /me Flame Flame (66930): пристегнул ремень безопасности
[26/11/21] [21:12:23] /me Aleksandr Bernardi (66949): пристегнул ремень безопасности
[26/11/21] [21:14:01] /me Flame Flame (66930): пристегнул ремень безопасности
[26/11/21] [21:18:08] /me Aleksandr Bernardi (66949): пристегнул ремень безопасности
[26/11/21] [21:21:58] /me Aleksandr Bernardi (66949): пристегнул ремень безопасности
[27/11/21] [14:14:07] /me Misha Tagilov (66929): пристегнул ремень безопасности
[27/11/21] [14:20:24] /me Misha Tagilov (66929): отстегнул ремень безопасности
[27/11/21] [14:31:36] /me Misha Tagilov (66929): пристегнул ремень безопасности
[27/11/21] [14:34:49] /me Misha Tagilov (66929): пристегнул ремень безопасности
[27/11/21] [14:45:27] /me Flame Flame (66930): пристегнул ремень безопасности
[27/11/21] [14:45:29] /me Misha Tagilov (66929): пристегнул ремень безопасности
[27/11/21] [14:49:23] /me Misha Tagilov (66929): пристегнул ремень безопасности
[27/11/21] [14:58:42] /me Misha Tagilov (66929): пристегнул ремень безопасности
[27/11/21] [15:01:56] /me Flame Flame (66930): пристегнул ремень безопасности
[27/11/21] [15:11:25] /me Flame Flame (66930): использовал дефибриллятор на пострадавшем
[27/11/21] [15:11:38] /me Flame Flame (66930): поднял с земли "Taurus PT92"
[27/11/21] [15:11:40] /me Flame Flame (66930): поднял с земли "Коробка патронов 9mm (SMG)"
[27/11/21] [15:11:42] /me Flame Flame (66930): поднял с земли "MP5A3"
[27/11/21] [15:11:43] /me Flame Flame (66930): поднял с земли "Коробка патронов 9mm (Пистолет)"
[27/11/21] [15:11:45] /me Flame Flame (66930): Экипировал Taurus PT92
[27/11/21] [15:11:49] /me Flame Flame (66930): Экипировал MP5A3
[27/11/21] [15:11:52] /me Flame Flame (66930): считает патроны
[27/11/21] [15:11:57] /me Flame Flame (66930): Экипировал Коробка патронов 9mm (Пистолет)
[27/11/21] [15:12:02] /me Flame Flame (66930): Экипировал Коробка патронов 9mm (SMG)
[27/11/21] [15:28:59] /me Misha Tagilov (66929): пристегнул ремень безопасности
[27/11/21] [15:32:58] /me Flame Flame (66930): надел наручники на человека рядом (66929)
[27/11/21] [15:37:11] /me Flame Flame (66930): снял наручники с человека рядом (66929)
[27/11/21] [15:38:17] /me Misha Tagilov (66929): показал документы
[27/11/21] [15:39:24] /me Flame Flame (66930): использовал дефибриллятор на пострадавшем
[27/11/21] [15:39:25] /me Misha Tagilov (66929): использовал дефибриллятор на пострадавшем
[27/11/21] [15:40:58] /me Flame Flame (66930): использовал дефибриллятор на пострадавшем
[27/11/21] [15:41:06] /me Misha Tagilov (66929): показал документы
[27/11/21] [15:41:25] /me Flame Flame (66930): показал документы
[27/11/21] [15:41:43] /me Flame Flame (66930): показал документы
[27/11/21] [15:41:50] /me Flame Flame (66930): показал документы
[27/11/21] [15:43:23] /me Alexandr Ksoxz (66928): поднял с земли "Taurus PT92"
[27/11/21] [15:43:24] /me Alexandr Ksoxz (66928): поднял с земли "Коробка патронов 9mm (Пистолет)"
[27/11/21] [15:43:25] /me Alexandr Ksoxz (66928): поднял с земли "MP5A3"
[27/11/21] [15:43:26] /me Alexandr Ksoxz (66928): поднял с земли "Коробка патронов 9mm (SMG)"
[27/11/21] [16:06:26] /me Alexandr Ksoxz (66928): Экипировал Taurus PT92
[27/11/21] [16:06:29] /me Alexandr Ksoxz (66928): Экипировал P-90
[27/11/21] [16:06:31] /me Alexandr Ksoxz (66928): Экипировал MP5A3
[27/11/21] [16:06:34] /me Alexandr Ksoxz (66928): Экипировал Коробка патронов 9mm (SMG)
[27/11/21] [16:06:37] /me Alexandr Ksoxz (66928): Экипировал Коробка патронов 9mm (Пистолет)
[27/11/21] [16:06:39] /me Alexandr Ksoxz (66928): Экипировал Коробка патронов 9mm (SMG)
[27/11/21] [16:06:42] /me Alexandr Ksoxz (66928): Экипировал Коробка патронов 9mm (SMG)
[27/11/21] [16:23:06] /me Alexandr Ksoxz (66928): пристегнул ремень безопасности
[27/11/21] [16:26:54] /me Misha Tagilov (66929): пристегнул ремень безопасности
[27/11/21] [16:26:58] /me Alexandr Ksoxz (66928): пристегнул ремень безопасности
[27/11/21] [16:29:36] /me Alexandr Ksoxz (66928): Экипировал Taurus PT92
[27/11/21] [16:29:38] /me Alexandr Ksoxz (66928): Экипировал Taurus PT92
[27/11/21] [16:29:40] /me Alexandr Ksoxz (66928): Экипировал P-90
[27/11/21] [16:29:43] /me Alexandr Ksoxz (66928): Экипировал MP5A3
[27/11/21] [16:30:02] /me Alexandr Ksoxz (66928): Экипировал Коробка патронов 9mm (SMG)
[27/11/21] [16:30:04] /me Alexandr Ksoxz (66928): Экипировал Коробка патронов 9mm (Пистолет)
[27/11/21] [16:30:07] /me Alexandr Ksoxz (66928): Экипировал Коробка патронов 9mm (Пистолет)
[27/11/21] [16:30:09] /me Alexandr Ksoxz (66928): Экипировал Коробка патронов 9mm (SMG)
[27/11/21] [16:30:14] /me Alexandr Ksoxz (66928): Экипировал Коробка патронов 9mm (SMG)
[27/11/21] [16:42:52] /me Misha Tagilov (66929): использовал дефибриллятор на пострадавшем
[27/11/21] [16:51:34] /me Misha Tagilov (66929): использовал дефибриллятор на пострадавшем
[27/11/21] [16:51:54] /me Misha Tagilov (66929): взял с Инвентарь игрока ID: 66928 в Инвентарь игрока ID: 66929 "Наручники"
[27/11/21] [16:52:09] /me Misha Tagilov (66929): положил с Инвентарь игрока ID: 66929 в Инвентарь игрока ID: 66928 "Наручники"
[27/11/21] [16:52:28] /me Misha Tagilov (66929): Экипировал Taurus PT92
[27/11/21] [16:52:30] /me Misha Tagilov (66929): Экипировал Коробка патронов 9mm (Пистолет)
[27/11/21] [16:53:07] /me Alexandr Ksoxz (66928): поднял с земли "Taurus PT92"
[27/11/21] [16:53:09] /me Alexandr Ksoxz (66928): поднял с земли "Коробка патронов 9mm (Пистолет)"
[27/11/21] [16:53:11] /me Alexandr Ksoxz (66928): поднял с земли "P-90"
[27/11/21] [16:53:13] /me Alexandr Ksoxz (66928): поднял с земли "Коробка патронов 9mm (SMG)"
[27/11/21] [16:53:15] /me Alexandr Ksoxz (66928): поднял с земли "MP5A3"
[27/11/21] [16:53:17] /me Alexandr Ksoxz (66928): поднял с земли "Коробка патронов 9mm (SMG)"
[27/11/21] [16:56:26] /me Misha Tagilov (66929): пристегнул ремень безопасности
[27/11/21] [16:56:30] /me Alexandr Ksoxz (66928): пристегнул ремень безопасности
[27/11/21] [16:57:37] /me Misha Tagilov (66929): выкинул на землю с Инвентарь игрока ID: 66928 "Упаковка марихуаны"
[27/11/21] [16:57:39] /me Misha Tagilov (66929): поднял с земли "Упаковка марихуаны"
[27/11/21] [16:58:28] /me Misha Tagilov (66929): положил с Инвентарь игрока ID: 66929 в Инвентарь игрока ID: 66928 "Упаковка марихуаны"
[27/11/21] [16:58:31] /me Misha Tagilov (66929): взял с Инвентарь игрока ID: 66928 в Инвентарь игрока ID: 66929 "Лечебная марихуана"
[27/11/21] [18:07:04] /me Misha Tagilov (66929): пристегнул ремень безопасности
[27/11/21] [18:07:19] /me Misha Tagilov (66929): отстегнул ремень безопасности
[27/11/21] [18:08:30] /me Misha Tagilov (66929): пристегнул ремень безопасности
[27/11/21] [18:08:42] /me Misha Tagilov (66929): отстегнул ремень безопасности
[27/11/21] [18:09:01] /me Misha Tagilov (66929): пристегнул ремень безопасности
[27/11/21] [18:09:46] /me Misha Tagilov (66929): пристегнул ремень безопасности
[27/11/21] [19:04:03] /me Misha Tagilov (66929): пристегнул ремень безопасности
[27/11/21] [19:04:25] /me Misha Tagilov (66929): отстегнул ремень безопасности
[27/11/21] [19:04:31] /me Misha Tagilov (66929): пристегнул ремень безопасности
[27/11/21] [19:35:48] /me Alexandr Ksoxz (66928): Экипировал MP5A3
[27/11/21] [19:35:52] /me Alexandr Ksoxz (66928): Экипировал Коробка патронов 9mm (SMG)
[27/11/21] [19:35:56] /me Alexandr Ksoxz (66928): Экипировал Коробка патронов 9mm (SMG)
[27/11/21] [19:48:27] /me Misha Tagilov (66929): использовал дефибриллятор на пострадавшем
[27/11/21] [19:57:40] /me Misha Tagilov (66929): пристегнул ремень безопасности
[27/11/21] [19:57:45] /me Alexandr Ksoxz (66928): пристегнул ремень безопасности
[27/11/21] [20:01:41] /me Misha Tagilov (66929): пристегнул ремень безопасности
[27/11/21] [20:02:19] /me Alexandr Ksoxz (66928): Экипировал MP5A3
[27/11/21] [20:02:22] /me Alexandr Ksoxz (66928): Экипировал Taurus PT92
[27/11/21] [20:02:26] /me Alexandr Ksoxz (66928): Экипировал P-90
[27/11/21] [20:02:28] /me Alexandr Ksoxz (66928): Экипировал Коробка патронов 9mm (SMG)
[27/11/21] [20:02:31] /me Alexandr Ksoxz (66928): считает патроны
[27/11/21] [20:02:34] /me Alexandr Ksoxz (66928): Экипировал Коробка патронов 9mm (SMG)
[27/11/21] [20:02:37] /me Alexandr Ksoxz (66928): Экипировал Коробка патронов 9mm (Пистолет)
[27/11/21] [20:08:46] /me Misha Tagilov (66929): пристегнул ремень безопасности
[27/11/21] [20:19:24] /me Misha Tagilov (66929): пристегнул ремень безопасности
[27/11/21] [20:24:27] /me Misha Tagilov (66929): пристегнул ремень безопасности
[27/11/21] [20:33:37] /me Misha Tagilov (66929): пристегнул ремень безопасности
[27/11/21] [22:50:05] /me Flame Flame (66930): показал документы
[27/11/21] [22:50:58] /me Flame Flame (66930): пристегнул ремень безопасности
[27/11/21] [22:55:36] /me Flame Flame (66930): пристегнул ремень безопасности
[27/11/21] [22:56:10] /me Flame Flame (66930): отстегнул ремень безопасности
[27/11/21] [22:56:16] /me Flame Flame (66930): пристегнул ремень безопасности
[27/11/21] [22:59:53] /me Alexandr Ksoxz (66928): положил с Инвентарь игрока ID: 66928 в Багажник #3639783405 "MP5A3"
[27/11/21] [22:59:55] /me Alexandr Ksoxz (66928): положил с Инвентарь игрока ID: 66928 в Багажник #3639783405 "P-90"
[27/11/21] [22:59:56] /me Alexandr Ksoxz (66928): положил с Инвентарь игрока ID: 66928 в Багажник #3639783405 "Коробка патронов 9mm (Пистолет)"
[27/11/21] [22:59:58] /me Alexandr Ksoxz (66928): положил с Инвентарь игрока ID: 66928 в Багажник #3639783405 "Коробка патронов 9mm (SMG)"
[27/11/21] [22:59:59] /me Alexandr Ksoxz (66928): положил с Инвентарь игрока ID: 66928 в Багажник #3639783405 "Taurus PT92"
[27/11/21] [23:00:01] /me Alexandr Ksoxz (66928): положил с Инвентарь игрока ID: 66928 в Багажник #3639783405 "Коробка патронов 9mm (SMG)"
[27/11/21] [23:00:03] /me Alexandr Ksoxz (66928): положил с Инвентарь игрока ID: 66928 в Багажник #3639783405 "Taurus PT92"
[27/11/21] [23:00:12] /me Alexandr Ksoxz (66928): положил с Инвентарь игрока ID: 66928 в Багажник #3639783405 "Наручники"
[27/11/21] [23:00:15] /me Alexandr Ksoxz (66928): положил с Инвентарь игрока ID: 66928 в Багажник #3639783405 "Упаковка марихуаны"
[27/11/21] [23:00:17] /me Alexandr Ksoxz (66928): положил с Инвентарь игрока ID: 66930 в Багажник #3639783405 "Наручники"
[27/11/21] [23:00:21] /me Alexandr Ksoxz (66928): положил с Инвентарь игрока ID: 66928 в Багажник #3639783405 "Упаковка марихуаны"
[27/11/21] [23:00:39] /me Flame Flame (66930): взял с Багажник #3639783405 в Инвентарь игрока ID: 66930 "Упаковка марихуаны"
[27/11/21] [23:00:50] /me Flame Flame (66930): взял 1гр наркотиков
[27/11/21] [23:00:56] /me Flame Flame (66930): употребил марихуану
[27/11/21] [23:01:38] /me Flame Flame (66930): взял 1гр наркотиков
[27/11/21] [23:01:41] /me Flame Flame (66930): употребил марихуану
[27/11/21] [23:10:05] /me Alexandr Ksoxz (66928): взял с Багажник #3639783405 в Инвентарь игрока ID: 66928 "P-90"
[27/11/21] [23:10:07] /me Alexandr Ksoxz (66928): взял с Багажник #3639783405 в Инвентарь игрока ID: 66928 "Коробка патронов 9mm (SMG)"
[27/11/21] [23:10:09] /me Alexandr Ksoxz (66928): Экипировал P-90
[27/11/21] [23:10:13] /me Alexandr Ksoxz (66928): считает патроны
[27/11/21] [23:10:15] /me Alexandr Ksoxz (66928): Экипировал Коробка патронов 9mm (SMG)
[27/11/21] [23:15:44] /me Flame Flame (66930): использовал дефибриллятор на пострадавшем
[27/11/21] [23:22:13] /me Alexandr Ksoxz (66928): использовал дефибриллятор на пострадавшем
[27/11/21] [23:22:29] /me Alexandr Ksoxz (66928): использовал дефибриллятор на пострадавшем
[27/11/21] [23:23:17] /me Alexandr Ksoxz (66928): показал документы
[27/11/21] [23:23:26] /me Flame Flame (66930): показал документы
[27/11/21] [23:23:28] /me Alexandr Ksoxz (66928): показал документы
[27/11/21] [23:23:52] /me Alexandr Ksoxz (66928): использовал дефибриллятор на пострадавшем
[27/11/21] [23:25:48] /me Flame Flame (66930): показал документы
[27/11/21] [23:26:45] /me Flame Flame (66930): взял 1гр наркотиков
[27/11/21] [23:26:48] /me Flame Flame (66930): употребил марихуану
[27/11/21] [23:26:51] /me Flame Flame (66930): употребил таблетку
[27/11/21] [23:30:08] /me Flame Flame (66930): использовал дефибриллятор на пострадавшем
[27/11/21] [23:41:09] /me Alexandr Ksoxz (66928): использовал аптечку на пострадавшем
[27/11/21] [23:42:03] /me Flame Flame (66930): использовал аптечку на пострадавшем
[27/11/21] [23:42:29] /me Flame Flame (66930): использовал аптечку на пострадавшем
[27/11/21] [23:43:44] /me Alexandr Ksoxz (66928): использовал дефибриллятор на пострадавшем
[27/11/21] [23:43:55] /me Alexandr Ksoxz (66928): использовал аптечку
[27/11/21] [23:48:47] /me Flame Flame (66930): пристегнул ремень безопасности
[27/11/21] [23:57:23] /me Flame Flame (66930): использовал дефибриллятор на пострадавшем
[28/11/21] [00:55:53] /me Flame Flame (66930): использовал дефибриллятор на пострадавшем
[28/12/21] [01:47:41] /me Alexandr Ksoxz (66928): положил с Инвентарь игрока ID: 66928 в Инвентарь игрока ID: 66930 "Сноуборд"
[28/12/21] [01:47:45] /me Alexandr Ksoxz (66928): выкинул на землю "Сноуборд"
[28/12/21] [01:47:47] /me Alexandr Ksoxz (66928): выкинул на землю "Сноуборд"
[28/12/21] [01:47:50] /me Alexandr Ksoxz (66928): выкинул на землю "Сноуборд"
[28/12/21] [01:47:51] /me Alexandr Ksoxz (66928): выкинул на землю "Сноуборд"
[28/12/21] [01:47:52] /me Alexandr Ksoxz (66928): выкинул на землю "Сноуборд"
[28/12/21] [01:47:54] /me Alexandr Ksoxz (66928): выкинул на землю "Сноуборд"
[28/12/21] [01:47:55] /me Alexandr Ksoxz (66928): выкинул на землю "Сноуборд"
[28/12/21] [01:47:56] /me Alexandr Ksoxz (66928): выкинул на землю "Сноуборд"
[28/12/21] [01:48:01] /me Alexandr Ksoxz (66928): выкинул на землю "C4 (Мощная)"
[28/12/21] [01:48:04] /me Alexandr Ksoxz (66928): выкинул на землю "C4 (Мощная)"
[28/12/21] [01:48:04] /me Alexandr Ksoxz (66928): выкинул на землю "C4 (Мощная)"
[28/12/21] [01:48:06] /me Alexandr Ksoxz (66928): выкинул на землю "C4 (Мощная)"
[28/12/21] [01:48:07] /me Alexandr Ksoxz (66928): выкинул на землю "C4 (Мощная)"
[28/12/21] [01:48:08] /me Alexandr Ksoxz (66928): выкинул на землю "Специальная отмычка"
[28/12/21] [01:48:09] /me Alexandr Ksoxz (66928): выкинул на землю "Специальная отмычка"
[28/12/21] [01:48:11] /me Alexandr Ksoxz (66928): выкинул на землю "Специальная отмычка"
[28/12/21] [01:48:12] /me Alexandr Ksoxz (66928): выкинул на землю "Специальная отмычка"
[28/11/21] [12:00:30] /me Alexandr Ksoxz (66928): выкинул на землю "Специальная отмычка"
[28/11/21] [12:00:43] /me Misha Tagilov (66929): поднял с земли "Специальная отмычка"
[28/11/21] [12:00:52] /me Misha Tagilov (66929): выкинул на землю "Специальная отмычка"
[28/11/21] [12:00:55] /me Alexandr Ksoxz (66928): поднял с земли "Специальная отмычка"
[28/11/21] [12:04:09] /me Misha Tagilov (66929): пристегнул ремень безопасности
[28/11/21] [12:07:21] /me Misha Tagilov (66929): пристегнул ремень безопасности
[28/11/21] [12:24:45] /me Alexandr Ksoxz (66928): пристегнул ремень безопасности
[28/11/21] [12:24:46] /me John Lazzaro (66946): пристегнул ремень безопасности
[28/11/21] [12:25:53] /me John Lazzaro (66946): показал документы
[28/11/21] [12:28:56] /me John Lazzaro (66946): пристегнул ремень безопасности
[28/11/21] [12:43:48] /me Alexandr Ksoxz (66928): использовал дефибриллятор на пострадавшем
[28/11/21] [12:49:56] /me Alexandr Ksoxz (66928): использовал дефибриллятор на пострадавшем
[28/11/21] [12:50:30] /me Misha Tagilov (66929): пристегнул ремень безопасности
[28/11/21] [12:53:17] /me Misha Tagilov (66929): пристегнул ремень безопасности
[28/11/21] [12:56:48] /me Misha Tagilov (66929): пристегнул ремень безопасности
[28/11/21] [12:58:53] /me Misha Tagilov (66929): пристегнул ремень безопасности
[28/11/21] [13:03:54] /me Misha Tagilov (66929): пристегнул ремень безопасности
[28/11/21] [13:04:07] /me Misha Tagilov (66929): отстегнул ремень безопасности
[28/11/21] [13:08:04] /me Misha Tagilov (66929): пристегнул ремень безопасности
[28/11/21] [13:23:02] /me Misha Tagilov (66929): пристегнул ремень безопасности
[28/11/21] [13:27:20] /me Misha Tagilov (66929): взял с Инвентарь игрока ID: 66924 в Инвентарь игрока ID: 66929 "Одежда"
[28/11/21] [13:27:25] /me Misha Tagilov (66929): Экипировал Одежда
[28/11/21] [13:27:30] /me Misha Tagilov (66929): Экипировал Одежда
[28/11/21] [13:27:38] /me Misha Tagilov (66929): Экипировал Одежда
[28/11/21] [13:27:46] /me Misha Tagilov (66929): Экипировал Одежда
[28/11/21] [13:27:49] /me Misha Tagilov (66929): Экипировал Одежда
[28/11/21] [13:28:00] /me Misha Tagilov (66929): Экипировал Одежда
[28/11/21] [13:28:14] /me Misha Tagilov (66929): положил с Инвентарь игрока ID: 66929 в Инвентарь игрока ID: 66924 "Одежда"
[28/11/21] [13:28:27] /me Misha Tagilov (66929): взял с Инвентарь игрока ID: 66923 в Инвентарь игрока ID: 66929 "Коробка патронов 9mm (Пистолет)"
[28/11/21] [13:28:28] /me Misha Tagilov (66929): взял с Инвентарь игрока ID: 66923 в Инвентарь игрока ID: 66929 "FN Model 1922"
[28/11/21] [13:28:29] /me Misha Tagilov (66929): взял с Инвентарь игрока ID: 66923 в Инвентарь игрока ID: 66929 "Коробка патронов 9mm (Пистолет)"
[28/11/21] [13:28:30] /me Misha Tagilov (66929): взял с Инвентарь игрока ID: 66923 в Инвентарь игрока ID: 66929 "MP5A3"
[29/11/21] [13:26:54] /me Alexandr Ksoxz (66928): пристегнул ремень безопасности
[29/11/21] [14:14:54] /me Misha Tagilov (66929): пристегнул ремень безопасности
[29/11/21] [14:16:51] /me Misha Tagilov (66929): пристегнул ремень безопасности
[29/11/21] [14:18:11] /me Misha Tagilov (66929): пристегнул ремень безопасности
[29/11/21] [14:20:34] /me Misha Tagilov (66929): пристегнул ремень безопасности
[29/11/21] [14:20:54] /me Misha Tagilov (66929): отстегнул ремень безопасности
[29/11/21] [14:28:09] /me Misha Tagilov (66929): пристегнул ремень безопасности
[29/11/21] [14:29:43] /me Misha Tagilov (66929): пристегнул ремень безопасности
[29/11/21] [14:30:01] /me Alexandr Ksoxz (66928): пристегнул ремень безопасности
[29/11/21] [14:31:03] /me Alexandr Ksoxz (66928): отстегнул ремень безопасности
[29/11/21] [14:34:38] /me Misha Tagilov (66929): пристегнул ремень безопасности
[29/11/21] [14:42:51] /me Alexandr Ksoxz (66928): пристегнул ремень безопасности
[29/11/21] [15:11:24] /me Misha Tagilov (66929): пристегнул ремень безопасности
[29/11/21] [15:15:20] /me Misha Tagilov (66929): пристегнул ремень безопасности
[29/11/21] [15:42:22] /me Alexandr Ksoxz (66928): пристегнул ремень безопасности
[29/11/21] [15:51:34] /me Alexandr Ksoxz (66928): пристегнул ремень безопасности
[29/11/21] [17:26:47] /me Alexandr Ksoxz (66928): выкинул на землю "C4 (Мощная)"
[29/11/21] [17:26:49] /me Alexandr Ksoxz (66928): выкинул на землю "C4 (Мощная)"
[29/11/21] [17:26:51] /me Alexandr Ksoxz (66928): выкинул на землю "C4 (Мощная)"
[29/11/21] [17:26:52] /me Alexandr Ksoxz (66928): выкинул на землю "C4 (Мощная)"
[29/11/21] [17:27:05] /me Alexandr Ksoxz (66928): поднял с земли "C4 (Мощная)"
[29/11/21] [17:27:05] /me Alexandr Ksoxz (66928): поднял с земли "C4 (Мощная)"
[29/11/21] [17:27:06] /me Alexandr Ksoxz (66928): поднял с земли "C4 (Мощная)"
[29/11/21] [17:27:07] /me Alexandr Ksoxz (66928): поднял с земли "C4 (Мощная)"
[29/11/21] [18:42:11] /me Flame Flame (66930): показал документы
[29/11/21] [18:51:02] /me Flame Flame (66930): показал документы
[29/11/21] [20:37:21] /me Alexandr Ksoxz (66928): пристегнул ремень безопасности
[29/11/21] [21:40:06] /me Alexandr Ksoxz (66928): использовал дефибриллятор на пострадавшем
[30/11/21] [14:59:14] /me Misha Tagilov (66929): Экипировал MP5A3
[30/11/21] [14:59:17] /me Misha Tagilov (66929): Экипировал Коробка патронов 9mm (Пистолет)
[30/11/21] [14:59:19] /me Misha Tagilov (66929): Экипировал FN Model 1922
[30/11/21] [14:59:23] /me Misha Tagilov (66929): Экипировал Коробка патронов 9mm (Пистолет)
[30/11/21] [15:00:17] /me Misha Tagilov (66929): взял с Инвентарь игрока ID: 66934 в Инвентарь игрока ID: 66929 "Наручники"
[30/11/21] [15:00:20] /me Misha Tagilov (66929): взял с Инвентарь игрока ID: 66934 в Инвентарь игрока ID: 66929 "Наручники"
[30/11/21] [15:00:24] /me Misha Tagilov (66929): взял с Инвентарь игрока ID: 66934 в Инвентарь игрока ID: 66929 "Коктейль Молотова"
[30/11/21] [15:00:25] /me Misha Tagilov (66929): взял с Инвентарь игрока ID: 66934 в Инвентарь игрока ID: 66929 "Коробка патронов 18.5mm"
[30/11/21] [15:00:26] /me Misha Tagilov (66929): взял с Инвентарь игрока ID: 66934 в Инвентарь игрока ID: 66929 "Коробка патронов 9mm (SMG)"
[30/11/21] [15:00:29] /me Misha Tagilov (66929): взял с Инвентарь игрока ID: 66934 в Инвентарь игрока ID: 66929 "KSG 12"
[30/11/21] [15:00:30] /me Misha Tagilov (66929): взял с Инвентарь игрока ID: 66934 в Инвентарь игрока ID: 66929 "Коробка патронов 5.56mm"
[30/11/21] [15:00:32] /me Misha Tagilov (66929): взял с Инвентарь игрока ID: 66934 в Инвентарь игрока ID: 66929 "Коробка патронов 5.56mm"
[30/11/21] [15:00:38] /me Misha Tagilov (66929): взял с Инвентарь игрока ID: 66934 в Инвентарь игрока ID: 66929 "Коробка патронов"
[30/11/21] [15:00:39] /me Misha Tagilov (66929): взял с Инвентарь игрока ID: 66934 в Инвентарь игрока ID: 66929 "Коробка патронов 9mm (Пистолет)"
[30/11/21] [15:02:41] /me Misha Tagilov (66929): взял с Инвентарь игрока ID: 66930 в Инвентарь игрока ID: 66929 "Сноуборд"
[30/11/21] [15:02:48] /me Misha Tagilov (66929): положил с Инвентарь игрока ID: 66929 в Инвентарь игрока ID: 66930 "Сноуборд"
[30/11/21] [15:14:04] /me Misha Tagilov (66929): взял с Инвентарь игрока ID: 66930 в Инвентарь игрока ID: 66929 "C4 (Мощная)"
[30/11/21] [15:14:13] /me Misha Tagilov (66929): взял с Инвентарь игрока ID: 66930 в Инвентарь игрока ID: 66929 "C4 (Мощная)"
[30/11/21] [15:14:19] /me Misha Tagilov (66929): взял с Инвентарь игрока ID: 66930 в Инвентарь игрока ID: 66929 "C4 (Мощная)"
[30/11/21] [15:21:52] /me Misha Tagilov (66929): пристегнул ремень безопасности
[30/11/21] [15:30:02] /me Alexandr Ksoxz (66928): использовал дефибриллятор на пострадавшем
[30/11/21] [16:29:18] /me Misha Tagilov (66929): пристегнул ремень безопасности
[30/11/21] [16:57:10] /me Alexandr Ksoxz (66928): пристегнул ремень безопасности
[30/11/21] [16:58:38] /me Misha Tagilov (66929): пристегнул ремень безопасности
[30/11/21] [17:00:54] /me Alexandr Ksoxz (66928): использовал дефибриллятор на пострадавшем
[30/11/21] [17:07:14] /me Misha Tagilov (66929): пристегнул ремень безопасности
[30/11/21] [17:14:30] /me Misha Tagilov (66929): Экипировал РПГ-7
[30/11/21] [17:14:33] /me Misha Tagilov (66929): выкинул на землю "РПГ-7"
[30/11/21] [17:14:53] /me Misha Tagilov (66929): Экипировал KSG 12
[30/11/21] [17:14:57] /me Misha Tagilov (66929): считает патроны
[30/11/21] [17:15:01] /me Misha Tagilov (66929): Экипировал Коробка патронов 5.56mm
[30/11/21] [17:15:03] /me Misha Tagilov (66929): Экипировал Коробка патронов 9mm (SMG)
[30/11/21] [17:15:07] /me Misha Tagilov (66929): Экипировал Коробка патронов 5.56mm
[30/11/21] [17:15:09] /me Misha Tagilov (66929): Экипировал Коробка патронов 9mm (Пистолет)
[30/11/21] [17:15:12] /me Misha Tagilov (66929): Экипировал Коробка патронов 9mm (Пистолет)
[30/11/21] [17:15:16] /me Misha Tagilov (66929): Экипировал Коробка патронов 18.5mm
[01/12/21] [17:24:23] /me Alexandr Ksoxz (66928): показал документы
[01/12/21] [17:28:48] /me Alexandr Ksoxz (66928): пристегнул ремень безопасности
[01/12/21] [19:37:31] /me Alexandr Ksoxz (66928): пристегнул ремень безопасности
[01/12/21] [19:40:46] /me Flame Flame (66930): пристегнул ремень безопасности
[02/12/21] [13:07:10] /me Alexandr Ksoxz (66928): пристегнул ремень безопасности
[02/12/21] [13:14:41] /me Aleksandr Dmitryev (66940): показал документы
[02/12/21] [13:31:06] /me Aleksandr Dmitryev (66940): использовал дефибриллятор на пострадавшем
[02/12/21] [13:32:54] /me Aleksandr Dmitryev (66940): использовал дефибриллятор на пострадавшем
[02/12/21] [13:35:50] /me Aleksandr Dmitryev (66940): использовал дефибриллятор на пострадавшем
[02/12/21] [13:39:01] /me Misha Tagilov (66929): пристегнул ремень безопасности
[02/12/21] [13:39:02] /me Flame Flame (66930): пристегнул ремень безопасности
[02/12/21] [13:58:25] /me Flame Flame (66930): пристегнул ремень безопасности
[02/12/21] [14:06:59] /me Flame Flame (66930): Экипировал AK-103
[02/12/21] [14:07:06] /me Flame Flame (66930): считает патроны
[02/12/21] [14:07:12] /me Flame Flame (66930): Экипировал Коробка патронов 5.56mm
[02/12/21] [14:07:52] /me Tommi Olivaros (66947): взял с Склад Арсенал LSPD в Инвентарь игрока ID: 66947 "QBZ-97"
[02/12/21] [14:07:56] /me Tommi Olivaros (66947): взял с Склад Арсенал LSPD в Инвентарь игрока ID: 66947 "Коробка патронов 7.62mm"
[02/12/21] [14:07:58] /me Tommi Olivaros (66947): взял с Склад Арсенал LSPD в Инвентарь игрока ID: 66947 "Коробка патронов 5.56mm"
[02/12/21] [14:08:02] /me Tommi Olivaros (66947): взял с Склад Арсенал LSPD в Инвентарь игрока ID: 66947 "Бронежилет"
[02/12/21] [14:08:35] /me Tommi Olivaros (66947): взял с Склад Арсенал LSPD в Инвентарь игрока ID: 66947 "L115A3"
[02/12/21] [14:08:37] /me Tommi Olivaros (66947): взял с Склад Арсенал LSPD в Инвентарь игрока ID: 66947 "Коробка патронов 12.7mm"
[02/12/21] [14:08:40] /me Tommi Olivaros (66947): Экипировал L115A3
[02/12/21] [14:12:27] /me Tommi Olivaros (66947): Экипировал Коробка патронов 5.56mm
[02/12/21] [14:13:09] /me Tommi Olivaros (66947): Экипировал QBZ-97
[02/12/21] [14:15:09] /me Flame Flame (66930): использовал дефибриллятор на пострадавшем
[02/12/21] [14:15:46] /me Flame Flame (66930): поднял с земли "AK-103"
[02/12/21] [14:16:12] /me Flame Flame (66930): поднял с земли "Коробка патронов 5.56mm"
[02/12/21] [14:16:34] /me Flame Flame (66930): Экипировал AK-103
[02/12/21] [14:16:53] /me Flame Flame (66930): Экипировал Коробка патронов 5.56mm
[02/12/21] [14:20:45] /me Tommi Olivaros (66947): взял с Склад Арсенал LSPD в Инвентарь игрока ID: 66947 "Шокер"
[02/12/21] [14:20:48] /me Tommi Olivaros (66947): Экипировал Шокер
[02/12/21] [14:26:26] /me Aleksandr Dmitryev (66940): использовал дефибриллятор на пострадавшем
[02/12/21] [14:30:13] /me Flame Flame (66930): пристегнул ремень безопасности
[02/12/21] [14:30:16] /me Misha Tagilov (66929): пристегнул ремень безопасности
[02/12/21] [14:45:04] /me Misha Tagilov (66929): пристегнул ремень безопасности
[02/12/21] [14:51:58] /me Misha Tagilov (66929): пристегнул ремень безопасности
[02/12/21] [14:52:05] /me Misha Tagilov (66929): отстегнул ремень безопасности
[02/12/21] [14:52:10] /me Misha Tagilov (66929): пристегнул ремень безопасности
[02/12/21] [14:52:11] /me Tommi Olivaros (66947): пристегнул ремень безопасности
[02/12/21] [14:56:13] /me Tommi Olivaros (66947): пристегнул ремень безопасности
[02/12/21] [14:56:58] /me Misha Tagilov (66929): отстегнул ремень безопасности
[02/12/21] [14:57:05] /me Misha Tagilov (66929): пристегнул ремень безопасности
[02/12/21] [15:00:01] /me Misha Tagilov (66929): пристегнул ремень безопасности
[02/12/21] [15:08:07] /me Tommi Olivaros (66947): пристегнул ремень безопасности
[02/12/21] [15:08:15] /me Misha Tagilov (66929): пристегнул ремень безопасности
[02/12/21] [15:19:01] /me Misha Tagilov (66929): пристегнул ремень безопасности
[02/12/21] [15:20:24] /me Tommi Olivaros (66947): пристегнул ремень безопасности
[02/12/21] [15:20:39] /me Misha Tagilov (66929): отстегнул ремень безопасности
[02/12/21] [15:20:45] /me Misha Tagilov (66929): пристегнул ремень безопасности
[02/12/21] [15:27:51] /me Tommi Olivaros (66947): пристегнул ремень безопасности
[02/12/21] [15:31:10] /me Alexandr Ksoxz (66928): выкинул на землю "РПГ-7"
[02/12/21] [15:31:14] /me Alexandr Ksoxz (66928): выкинул на землю "Коробка патронов RPG"
[02/12/21] [15:31:15] /me Alexandr Ksoxz (66928): выкинул на землю "Коробка патронов RPG"
[02/12/21] [15:31:16] /me Alexandr Ksoxz (66928): выкинул на землю "Коробка патронов RPG"
[02/12/21] [15:31:17] /me Alexandr Ksoxz (66928): Экипировал Коробка патронов RPG
[02/12/21] [15:31:20] /me Alexandr Ksoxz (66928): выкинул на землю "Коробка патронов RPG"
[02/12/21] [15:31:22] /me Alexandr Ksoxz (66928): выкинул на землю "Коробка патронов RPG"
[02/12/21] [15:31:36] /me Alexandr Ksoxz (66928): выкинул на землю "Коробка патронов RPG"
[02/12/21] [15:31:37] /me Alexandr Ksoxz (66928): выкинул на землю "Коробка патронов RPG"
[02/12/21] [15:31:38] /me Alexandr Ksoxz (66928): выкинул на землю "Коробка патронов RPG"
[02/12/21] [15:31:39] /me Alexandr Ksoxz (66928): выкинул на землю "Коробка патронов RPG"
[02/12/21] [15:31:41] /me Alexandr Ksoxz (66928): выкинул на землю "Коробка патронов RPG"
[02/12/21] [15:31:42] /me Alexandr Ksoxz (66928): выкинул на землю "Коробка патронов RPG"
[02/12/21] [15:31:43] /me Alexandr Ksoxz (66928): выкинул на землю "Коробка патронов RPG"
[02/12/21] [15:31:44] /me Alexandr Ksoxz (66928): выкинул на землю "Коробка патронов RPG"
[02/12/21] [15:31:45] /me Alexandr Ksoxz (66928): выкинул на землю "Коробка патронов RPG"
[02/12/21] [15:31:46] /me Alexandr Ksoxz (66928): выкинул на землю "Коробка патронов RPG"
[02/12/21] [15:31:47] /me Alexandr Ksoxz (66928): выкинул на землю "Коробка патронов RPG"
[02/12/21] [15:31:48] /me Alexandr Ksoxz (66928): выкинул на землю "Коробка патронов RPG"
[02/12/21] [15:31:50] /me Alexandr Ksoxz (66928): выкинул на землю "Коробка патронов RPG"
[02/12/21] [15:31:51] /me Alexandr Ksoxz (66928): выкинул на землю "Коробка патронов RPG"
[02/12/21] [15:32:43] /me Misha Tagilov (66929): Экипировал Коктейль Молотова
[02/12/21] [15:32:55] /me Misha Tagilov (66929): Экипировал KSG 12
[02/12/21] [15:32:58] /me Misha Tagilov (66929): Экипировал Коробка патронов 18.5mm
[02/12/21] [15:40:05] /me Alexandr Ksoxz (66928): достал телефон и отправил смс
[02/12/21] [15:40:30] /me Misha Tagilov (66929): достал телефон и отправил смс
[02/12/21] [15:47:48] /me Misha Tagilov (66929): пристегнул ремень безопасности
[02/12/21] [15:50:46] /me Misha Tagilov (66929): пристегнул ремень безопасности
[02/12/21] [15:54:09] /me Misha Tagilov (66929): пристегнул ремень безопасности
[02/12/21] [16:43:48] /me Alexandr Ksoxz (66928): пристегнул ремень безопасности
[02/12/21] [16:43:54] /me Alexandr Ksoxz (66928): отстегнул ремень безопасности
[02/12/21] [16:44:00] /me Alexandr Ksoxz (66928): пристегнул ремень безопасности
[02/12/21] [17:17:45] /me Alexandr Ksoxz (66928): пристегнул ремень безопасности
[02/12/21] [18:00:31] /me Alexandr Ksoxz (66928): пристегнул ремень безопасности
[03/12/21] [07:45:50] /me Tommi Olivaros (66947): показал документы
[03/12/21] [07:52:40] /me Tommi Olivaros (66947): пристегнул ремень безопасности
[03/12/21] [07:59:06] /me Tommi Olivaros (66947): пристегнул ремень безопасности
[03/12/21] [08:00:46] /me Tommi Olivaros (66947): пристегнул ремень безопасности
[03/12/21] [08:03:34] /me Tommi Olivaros (66947): пристегнул ремень безопасности
[03/12/21] [08:06:21] /me Misha Tagilov (66929): пристегнул ремень безопасности
[03/12/21] [08:11:51] /me Misha Tagilov (66929): выкинул на землю "Наручники"
[03/12/21] [08:11:53] /me Misha Tagilov (66929): выкинул на землю "Наручники"
[03/12/21] [08:11:55] /me Misha Tagilov (66929): выкинул на землю "Наручники"
[03/12/21] [08:12:11] /me Tommi Olivaros (66947): поднял с земли "Наручники"
[03/12/21] [08:12:12] /me Tommi Olivaros (66947): поднял с земли "Наручники"
[03/12/21] [08:12:14] /me Tommi Olivaros (66947): поднял с земли "Наручники"
[03/12/21] [08:12:16] /me Tommi Olivaros (66947): Экипировал L115A3
[03/12/21] [08:13:03] /me Misha Tagilov (66929): пристегнул ремень безопасности
[03/12/21] [08:14:03] /me Misha Tagilov (66929): отстегнул ремень безопасности
[03/12/21] [08:14:08] /me Misha Tagilov (66929): пристегнул ремень безопасности
[03/12/21] [08:23:09] /me Misha Tagilov (66929): использовал дефибриллятор на пострадавшем
[03/12/21] [08:25:34] /me Misha Tagilov (66929): Экипировал FN Model 1922
[03/12/21] [08:25:36] /me Misha Tagilov (66929): считает патроны
[03/12/21] [08:25:39] /me Misha Tagilov (66929): Экипировал Коробка патронов 9mm (Пистолет)
[03/12/21] [08:29:32] /me Misha Tagilov (66929): пристегнул ремень безопасности
[03/12/21] [08:29:34] /me Tommi Olivaros (66947): пристегнул ремень безопасности
[03/12/21] [08:34:13] /me Misha Tagilov (66929): пристегнул ремень безопасности
[03/12/21] [08:35:48] /me Misha Tagilov (66929): пристегнул ремень безопасности
[03/12/21] [08:35:52] /me Tommi Olivaros (66947): пристегнул ремень безопасности
[03/12/21] [08:43:34] /me Misha Tagilov (66929): пристегнул ремень безопасности
[03/12/21] [08:44:17] /me Misha Tagilov (66929): взял с Инвентарь игрока ID: 66928 в Инвентарь игрока ID: 66929 "Сноуборд"
[03/12/21] [08:52:10] /me Misha Tagilov (66929): Экипировал FN Model 1922
[03/12/21] [08:52:13] /me Misha Tagilov (66929): Экипировал Коробка патронов 9mm (Пистолет)
[03/12/21] [08:57:19] /me Tommi Olivaros (66947): положил с Инвентарь игрока ID: 66947 в Склад Арсенал LSPD "L115A3"
[03/12/21] [08:57:22] /me Tommi Olivaros (66947): взял с Склад Арсенал LSPD в Инвентарь игрока ID: 66947 "P-90"
[03/12/21] [08:57:25] /me Tommi Olivaros (66947): Экипировал P-90
[03/12/21] [08:57:36] /me Tommi Olivaros (66947): взял с Склад Арсенал LSPD в Инвентарь игрока ID: 66947 "Тяжёлая сумка"
[03/12/21] [08:58:31] /me Tommi Olivaros (66947): положил с Инвентарь игрока ID: 66947 в Склад Арсенал LSPD "P-90"
[03/12/21] [08:58:35] /me Tommi Olivaros (66947): взял с Склад Арсенал LSPD в Инвентарь игрока ID: 66947 "MP5A3"
[03/12/21] [08:58:38] /me Tommi Olivaros (66947): Экипировал MP5A3
[03/12/21] [08:58:42] /me Tommi Olivaros (66947): Экипировал Коробка патронов 7.62mm
[03/12/21] [08:58:51] /me Tommi Olivaros (66947): Экипировал Коробка патронов 12.7mm
[03/12/21] [08:59:10] /me Tommi Olivaros (66947): положил с Инвентарь игрока ID: 66947 в Склад Арсенал LSPD "Тяжёлая сумка"
[03/12/21] [08:59:21] /me Tommi Olivaros (66947): взял с Склад Арсенал LSPD в Инвентарь игрока ID: 66947 "SIG MPX-SD"
[03/12/21] [08:59:26] /me Tommi Olivaros (66947): Экипировал SIG MPX-SD
[03/12/21] [09:00:34] /me Misha Tagilov (66929): пристегнул ремень безопасности
[03/12/21] [09:01:31] /me Tommi Olivaros (66947): пристегнул ремень безопасности
[03/12/21] [09:01:59] /me Misha Tagilov (66929): отстегнул ремень безопасности
[03/12/21] [09:02:04] /me Misha Tagilov (66929): пристегнул ремень безопасности
[03/12/21] [09:37:22] /me Tommi Olivaros (66947): показал документы
[03/12/21] [09:38:05] /me Tommi Olivaros (66947): надел наручники на человека рядом (66929)
[03/12/21] [09:38:41] /me Tommi Olivaros (66947): Экипировал MP5A3
[03/12/21] [09:38:54] /me Tommi Olivaros (66947): снял наручники с человека рядом (66929)
[03/12/21] [09:39:14] /me Misha Tagilov (66929): Экипировал Рельсовое оружие
[03/12/21] [09:39:23] /me Misha Tagilov (66929): выкинул на землю "Рельсовое оружие"
[03/12/21] [09:39:29] /me Tommi Olivaros (66947): поднял с земли "Рельсовое оружие"
[03/12/21] [09:39:31] /me Tommi Olivaros (66947): Экипировал SIG MPX-SD
[03/12/21] [09:39:33] /me Tommi Olivaros (66947): Экипировал Рельсовое оружие
[03/12/21] [09:39:37] /me Misha Tagilov (66929): выкинул на землю "Коробка патронов"
[03/12/21] [09:39:44] /me Misha Tagilov (66929): поднял с земли "Коробка патронов"
[03/12/21] [09:39:46] /me Misha Tagilov (66929): выкинул на землю "Коробка патронов"
[03/12/21] [09:39:51] /me Misha Tagilov (66929): выкинул на землю "Коробка патронов"
[03/12/21] [09:39:54] /me Tommi Olivaros (66947): поднял с земли "Коробка патронов"
[03/12/21] [09:40:00] /me Tommi Olivaros (66947): поднял с земли "Коробка патронов"
[03/12/21] [09:40:12] /me Tommi Olivaros (66947): Экипировал Коробка патронов
[03/12/21] [09:49:39] /me Misha Tagilov (66929): пристегнул ремень безопасности
[03/12/21] [09:52:39] /me Misha Tagilov (66929): выкинул на землю "Пиротехническая установка"
[03/12/21] [09:57:51] /me Misha Tagilov (66929): пристегнул ремень безопасности
[03/12/21] [10:00:41] /me Tommi Olivaros (66947): пристегнул ремень безопасности
[03/12/21] [10:19:46] /me Tommi Olivaros (66947): пристегнул ремень безопасности
[03/12/21] [10:23:01] /me Tommi Olivaros (66947): пристегнул ремень безопасности
[03/12/21] [10:23:26] /me Tommi Olivaros (66947): отстегнул ремень безопасности
[03/12/21] [10:26:15] /me Misha Tagilov (66929): пристегнул ремень безопасности
[03/12/21] [10:26:15] /me Tommi Olivaros (66947): пристегнул ремень безопасности
[03/12/21] [10:32:42] /me Tommi Olivaros (66947): пристегнул ремень безопасности
[03/12/21] [10:36:13] /me Tommi Olivaros (66947): пристегнул ремень безопасности
[03/12/21] [10:39:28] /me Tommi Olivaros (66947): пристегнул ремень безопасности
[03/12/21] [10:47:36] /me Tommi Olivaros (66947): выпил текилу
[03/12/21] [10:48:56] /me Tommi Olivaros (66947): Экипировал Рельсовое оружие
[03/12/21] [10:48:59] /me Tommi Olivaros (66947): Экипировал Коробка патронов
[03/12/21] [10:50:31] /me Tommi Olivaros (66947): выпил бурбон
[03/12/21] [11:05:27] /me Tommi Olivaros (66947): Экипировал SIG MPX-SD
[03/12/21] [11:05:36] /me Tommi Olivaros (66947): Экипировал MP5A3
[03/12/21] [11:06:05] /me Tommi Olivaros (66947): взял с Инвентарь игрока ID: 66929 в Инвентарь игрока ID: 66947 "Пиротехническая установка"
[03/12/21] [11:06:28] /me Tommi Olivaros (66947): Экипировал MP5A3
[03/12/21] [11:07:04] /me Misha Tagilov (66929): выкинул на землю "РПГ-7"
[03/12/21] [11:07:14] /me Tommi Olivaros (66947): выкинул на землю "Пиротехническая установка"
[03/12/21] [11:07:17] /me Tommi Olivaros (66947): Экипировал MP5A3
[03/12/21] [11:07:35] /me Tommi Olivaros (66947): положил с Инвентарь игрока ID: 66947 в Инвентарь игрока ID: 66929 "MP5A3"
[03/12/21] [11:07:52] /me Tommi Olivaros (66947): Экипировал SIG MPX-SD
[03/12/21] [11:08:31] /me Tommi Olivaros (66947): взял с Склад Арсенал LSPD в Инвентарь игрока ID: 66947 "HK-416"
[03/12/21] [11:08:34] /me Tommi Olivaros (66947): положил с Инвентарь игрока ID: 66947 в Склад Арсенал LSPD "HK-416"
[03/12/21] [11:08:41] /me Tommi Olivaros (66947): положил с Инвентарь игрока ID: 66947 в Склад Арсенал LSPD "Рельсовое оружие"
[03/12/21] [11:08:43] /me Tommi Olivaros (66947): положил с Инвентарь игрока ID: 66947 в Склад Арсенал LSPD "SIG MPX-SD"
[03/12/21] [11:08:54] /me Tommi Olivaros (66947): взял с Склад Арсенал LSPD в Инвентарь игрока ID: 66947 "ПКП «Печенег»"
[03/12/21] [11:08:57] /me Tommi Olivaros (66947): Экипировал ПКП «Печенег»
[03/12/21] [11:09:04] /me Tommi Olivaros (66947): Экипировал Одежда
[03/12/21] [11:09:19] /me Misha Tagilov (66929): Экипировал MP5A3
[03/12/21] [11:09:27] /me Tommi Olivaros (66947): Экипировал ПКП «Печенег»
[03/12/21] [11:09:37] /me Tommi Olivaros (66947): положил с Инвентарь игрока ID: 66947 в Склад Арсенал LSPD "ПКП «Печенег»"
[03/12/21] [11:09:41] /me Tommi Olivaros (66947): взял с Склад Арсенал LSPD в Инвентарь игрока ID: 66947 "AK-102"
[03/12/21] [11:09:47] /me Misha Tagilov (66929): Экипировал KSG 12
[03/12/21] [11:09:48] /me Tommi Olivaros (66947): Экипировал AK-102
[03/12/21] [11:10:38] /me Tommi Olivaros (66947): Экипировал AK-102
[03/12/21] [11:11:56] /me Tommi Olivaros (66947): взял с Склад Арсенал LSPD в Инвентарь игрока ID: 66947 "L115A3"
[03/12/21] [11:11:59] /me Tommi Olivaros (66947): Экипировал L115A3
[03/12/21] [11:12:22] /me Tommi Olivaros (66947): положил с Инвентарь игрока ID: 66947 в Склад Арсенал LSPD "Коробка патронов"
[03/12/21] [11:13:08] /me Tommi Olivaros (66947): взял с Склад Арсенал LSPD в Инвентарь игрока ID: 66947 "P-90"
[03/12/21] [11:13:14] /me Tommi Olivaros (66947): Экипировал P-90
[03/12/21] [11:14:20] /me Tommi Olivaros (66947): Экипировал L115A3
[03/12/21] [11:14:50] /me Tommi Olivaros (66947): Экипировал AK-102
[03/12/21] [11:22:15] /me Tommi Olivaros (66947): пристегнул ремень безопасности
[03/12/21] [11:22:23] /me Tommi Olivaros (66947): отстегнул ремень безопасности
[03/12/21] [11:22:29] /me Tommi Olivaros (66947): пристегнул ремень безопасности
[03/12/21] [11:46:13] /me Misha Tagilov (66929): пристегнул ремень безопасности
[03/12/21] [11:49:35] /me Tommi Olivaros (66947): Экипировал L115A3
[03/12/21] [11:49:44] /me Tommi Olivaros (66947): Экипировал MP5A3
[03/12/21] [11:50:14] /me Tommi Olivaros (66947): взял с Инвентарь игрока ID: 66929 в Инвентарь игрока ID: 66947 "Коктейль Молотова"
[03/12/21] [11:58:13] /me Aleksandr Dmitryev (66940): использовал дефибриллятор на пострадавшем
[03/12/21] [11:58:54] /me Misha Tagilov (66929): использовал дефибриллятор на пострадавшем
[03/12/21] [11:59:33] /me Aleksandr Dmitryev (66940): использовал дефибриллятор на пострадавшем
[03/12/21] [12:00:02] /me Aleksandr Dmitryev (66940): использовал дефибриллятор на пострадавшем
[03/12/21] [12:01:06] /me Misha Tagilov (66929): использовал дефибриллятор на пострадавшем
[03/12/21] [12:04:10] /me Alexandr Ksoxz (66928): выкинул на землю "Лёгкая сумка"
[03/12/21] [12:05:42] /me Misha Tagilov (66929): использовал дефибриллятор на пострадавшем
[03/12/21] [12:11:29] /me Alexandr Ksoxz (66928): пристегнул ремень безопасности
[03/12/21] [12:13:59] /me Aleksandr Dmitryev (66940): показал документы
[03/12/21] [15:47:17] /me Aleksandr Dmitryev (66940): показал документы
[03/12/21] [16:03:59] /me Misha Tagilov (66929): взял 1гр наркотиков
[03/12/21] [16:04:02] /me Misha Tagilov (66929): употребил марихуану
[03/12/21] [16:04:06] /me Misha Tagilov (66929): взял 10гр наркотиков
[03/12/21] [16:04:12] /me Misha Tagilov (66929): взял 1гр наркотиков
[03/12/21] [16:04:14] /me Misha Tagilov (66929): употребил марихуану
[03/12/21] [16:04:18] /me Misha Tagilov (66929): взял 1гр наркотиков
[03/12/21] [16:04:21] /me Misha Tagilov (66929): взял 1гр наркотиков
[03/12/21] [16:04:25] /me Misha Tagilov (66929): взял 1гр наркотиков
[03/12/21] [16:04:27] /me Misha Tagilov (66929): употребил марихуану
[03/12/21] [16:04:34] /me Misha Tagilov (66929): употребил марихуану
[03/12/21] [16:04:39] /me Misha Tagilov (66929): употребил марихуану
[03/12/21] [16:04:46] /me Misha Tagilov (66929): взял 1гр наркотиков
[03/12/21] [16:04:49] /me Misha Tagilov (66929): взял 1гр наркотиков
[03/12/21] [16:04:52] /me Misha Tagilov (66929): употребил марихуану
[03/12/21] [16:04:58] /me Misha Tagilov (66929): употребил марихуану
[03/12/21] [16:07:40] /me Misha Tagilov (66929): пристегнул ремень безопасности
[03/12/21] [16:08:29] /me Misha Tagilov (66929): пристегнул ремень безопасности
[03/12/21] [16:19:47] /me Alexandr Ksoxz (66928): показал документы
[03/12/21] [16:19:48] /me Misha Tagilov (66929): пристегнул ремень безопасности
[03/12/21] [16:31:15] /me Aleksandr Dmitryev (66940): Экипировал Одежда
[03/12/21] [16:31:17] /me Aleksandr Dmitryev (66940): Экипировал Аксессуар
[03/12/21] [16:31:23] /me Aleksandr Dmitryev (66940): Экипировал MP5A3
[03/12/21] [16:31:42] /me Aleksandr Dmitryev (66940): считает патроны
[03/12/21] [16:31:49] /me Aleksandr Dmitryev (66940): Экипировал Коробка патронов 9mm (SMG)
[03/12/21] [16:32:00] /me Aleksandr Dmitryev (66940): Экипировал Коробка патронов 9mm (SMG)
[03/12/21] [16:36:30] /me Aleksandr Dmitryev (66940): показал документы
[03/12/21] [16:40:03] /me Misha Tagilov (66929): Экипировал FN Model 1922
[03/12/21] [16:40:07] /me Misha Tagilov (66929): Экипировал MP5A3
[03/12/21] [16:40:10] /me Misha Tagilov (66929): Экипировал Коробка патронов 18.5mm
[03/12/21] [16:40:12] /me Misha Tagilov (66929): Экипировал Коробка патронов 9mm (Пистолет)
[03/12/21] [16:40:15] /me Misha Tagilov (66929): Экипировал Маска
[03/12/21] [16:43:07] /me Alexandr Ksoxz (66928): использовал дефибриллятор на пострадавшем
[03/12/21] [16:43:20] /me Aleksandr Dmitryev (66940): поднял с земли "FN Model 1922"
[03/12/21] [16:43:22] /me Aleksandr Dmitryev (66940): поднял с земли "MP5A3"
[03/12/21] [16:43:24] /me Aleksandr Dmitryev (66940): поднял с земли "Коробка патронов 9mm (SMG)"
[03/12/21] [16:43:25] /me Aleksandr Dmitryev (66940): поднял с земли "Коробка патронов 9mm (Пистолет)"
[03/12/21] [16:43:25] /me Aleksandr Dmitryev (66940): поднял с земли "MP5A3"
[03/12/21] [16:43:26] /me Aleksandr Dmitryev (66940): поднял с земли "Коробка патронов 9mm (SMG)"
[03/12/21] [16:43:40] /me Alexandr Ksoxz (66928): использовал дефибриллятор на пострадавшем
[03/12/21] [16:46:59] /me Alexandr Ksoxz (66928): использовал дефибриллятор на пострадавшем
[03/12/21] [16:47:10] /me Aleksandr Dmitryev (66940): пристегнул ремень безопасности
[03/12/21] [16:47:14] /me Alexandr Ksoxz (66928): пристегнул ремень безопасности
[03/12/21] [16:54:34] /me Aleksandr Dmitryev (66940): Экипировал P-90
[03/12/21] [16:55:17] /me Aleksandr Dmitryev (66940): Экипировал Коробка патронов 9mm (SMG)
[03/12/21] [17:16:05] /me Alexandr Ksoxz (66928): пристегнул ремень безопасности
[03/12/21] [17:29:44] /me Alexandr Ksoxz (66928): использовал аптечку
[03/12/21] [17:39:59] /me Alexandr Ksoxz (66928): пристегнул ремень безопасности
[03/12/21] [17:44:10] /me Alexandr Ksoxz (66928): использовал дефибриллятор на пострадавшем
[03/12/21] [19:34:39] /me Aleksandr Dmitryev (66940): Экипировал Нож
[03/12/21] [19:36:41] /me Aleksandr Dmitryev (66940): Экипировал FN Model 1922
[03/12/21] [19:36:43] /me Aleksandr Dmitryev (66940): Экипировал MP5A3
[03/12/21] [19:36:46] /me Aleksandr Dmitryev (66940): Экипировал P-90
[03/12/21] [19:37:00] /me Aleksandr Dmitryev (66940): Экипировал Коробка патронов 9mm (Пистолет)
[03/12/21] [19:37:39] /me Aleksandr Dmitryev (66940): Экипировал Коробка патронов 7.62mm
[03/12/21] [19:37:50] /me Aleksandr Dmitryev (66940): Экипировал Коробка патронов 9mm (SMG)
[03/12/21] [19:41:47] /me Alexandr Ksoxz (66928): использовал дефибриллятор на пострадавшем
[03/12/21] [19:43:20] /me Alexandr Ksoxz (66928): использовал дефибриллятор на пострадавшем
[03/12/21] [19:47:16] /me Aleksandr Dmitryev (66940): Экипировал Штаны
[03/12/21] [20:00:16] /me Alexandr Ksoxz (66928): использовал дефибриллятор на пострадавшем
[03/12/21] [20:00:39] /me Aleksandr Dmitryev (66940): поднял с земли "FN Model 1922"
[03/12/21] [20:00:40] /me Aleksandr Dmitryev (66940): поднял с земли "Нож"
[03/12/21] [20:00:41] /me Aleksandr Dmitryev (66940): поднял с земли "Коробка патронов 9mm (Пистолет)"
[03/12/21] [20:00:42] /me Aleksandr Dmitryev (66940): поднял с земли "P-90"
[03/12/21] [20:00:43] /me Aleksandr Dmitryev (66940): поднял с земли "Коробка патронов 9mm (SMG)"
[03/12/21] [20:00:44] /me Aleksandr Dmitryev (66940): поднял с земли "MP5A3"
[03/12/21] [20:00:44] /me Aleksandr Dmitryev (66940): поднял с земли "Коробка патронов 9mm (SMG)"
[03/12/21] [20:01:51] /me Aleksandr Dmitryev (66940): Экипировал P-90
[03/12/21] [20:01:57] /me Aleksandr Dmitryev (66940): Экипировал Коробка патронов 9mm (SMG)
[04/12/21] [09:28:40] /me Tommi Olivaros (66947): пристегнул ремень безопасности
[04/12/21] [09:33:40] /me Tommi Olivaros (66947): пристегнул ремень безопасности
[04/12/21] [09:36:24] /me Tommi Olivaros (66947): Экипировал L115A3
[04/12/21] [09:36:41] /me Tommi Olivaros (66947): Экипировал MP5A3
[04/12/21] [09:37:14] /me Tommi Olivaros (66947): Экипировал Одежда
[04/12/21] [09:37:18] /me Tommi Olivaros (66947): Экипировал Коктейль Молотова
[04/12/21] [09:38:43] /me Tommi Olivaros (66947): пристегнул ремень безопасности
[04/12/21] [09:40:44] /me Tommi Olivaros (66947): пристегнул ремень безопасности
[04/12/21] [09:44:50] /me Tommi Olivaros (66947): выпил виски
[04/12/21] [09:46:43] /me Tommi Olivaros (66947): Экипировал L115A3
[04/12/21] [09:50:53] /me Misha Tagilov (66929): выкинул на землю "C4 (Мощная)"
[04/12/21] [09:51:01] /me Tommi Olivaros (66947): поднял с земли "C4 (Мощная)"
[04/12/21] [09:59:50] /me Misha Tagilov (66929): Экипировал MP5A3
[04/12/21] [09:59:52] /me Misha Tagilov (66929): Экипировал Коробка патронов
[04/12/21] [10:02:26] /me Tommi Olivaros (66947): пристегнул ремень безопасности
[04/12/21] [10:02:31] /me Tommi Olivaros (66947): отстегнул ремень безопасности
[04/12/21] [10:02:36] /me Tommi Olivaros (66947): пристегнул ремень безопасности
[04/12/21] [10:06:13] /me Tommi Olivaros (66947): пристегнул ремень безопасности
[04/12/21] [12:42:02] /me Tommi Olivaros (66947): пристегнул ремень безопасности
[04/12/21] [12:44:13] /me Tommi Olivaros (66947): Экипировал AK-102
[04/12/21] [12:44:45] /me Tommi Olivaros (66947): Экипировал Коктейль Молотова
[04/12/21] [12:53:40] /me Tommi Olivaros (66947): пристегнул ремень безопасности
[04/12/21] [13:09:07] /me Tommi Olivaros (66947): пристегнул ремень безопасности
[04/12/21] [13:09:39] /me Misha Tagilov (66929): пристегнул ремень безопасности
[04/12/21] [13:15:39] /me Misha Tagilov (66929): отстегнул ремень безопасности
[04/12/21] [13:15:45] /me Misha Tagilov (66929): пристегнул ремень безопасности
[04/12/21] [13:18:29] /me Misha Tagilov (66929): взял 1гр наркотиков
[04/12/21] [13:18:32] /me Tommi Olivaros (66947): выпил пиво
[04/12/21] [13:18:32] /me Misha Tagilov (66929): взял 1гр наркотиков
[04/12/21] [13:18:35] /me Misha Tagilov (66929): взял 1гр наркотиков
[04/12/21] [13:18:38] /me Misha Tagilov (66929): употребил марихуану
[04/12/21] [13:18:48] /me Misha Tagilov (66929): употребил марихуану
[04/12/21] [13:19:08] /me Misha Tagilov (66929): употребил марихуану
[04/12/21] [13:19:19] /me Misha Tagilov (66929): положил с Инвентарь игрока ID: 66929 в Багажник #3582531720 "Лечебная марихуана"
[04/12/21] [13:19:23] /me Misha Tagilov (66929): взял 10гр наркотиков
[04/12/21] [13:19:35] /me Misha Tagilov (66929): пристегнул ремень безопасности
[04/12/21] [13:20:18] /me Misha Tagilov (66929): взял 1гр наркотиков
[04/12/21] [13:20:21] /me Misha Tagilov (66929): взял 1гр наркотиков
[04/12/21] [13:20:24] /me Misha Tagilov (66929): взял 1гр наркотиков
[04/12/21] [13:20:27] /me Misha Tagilov (66929): взял 1гр наркотиков
[04/12/21] [13:20:30] /me Misha Tagilov (66929): употребил марихуану
[04/12/21] [13:20:48] /me Misha Tagilov (66929): употребил марихуану
[04/12/21] [13:20:55] /me Misha Tagilov (66929): употребил марихуану
[04/12/21] [13:21:03] /me Misha Tagilov (66929): употребил марихуану
[04/12/21] [13:21:09] /me Misha Tagilov (66929): взял 1гр наркотиков
[04/12/21] [13:21:12] /me Misha Tagilov (66929): взял 1гр наркотиков
[04/12/21] [13:21:15] /me Misha Tagilov (66929): взял 1гр наркотиков
[04/12/21] [13:21:18] /me Misha Tagilov (66929): употребил марихуану
[04/12/21] [13:21:30] /me Misha Tagilov (66929): употребил марихуану
[04/12/21] [13:36:10] /me Misha Tagilov (66929): Экипировал MP5A3
[04/12/21] [13:36:13] /me Misha Tagilov (66929): Экипировал Маска
[04/12/21] [15:27:29] /me Alexandr Ksoxz (66928): взял с Инвентарь игрока ID: 66929 в Инвентарь игрока ID: 66928 "Сноуборд"
[04/12/21] [15:27:30] /me Alexandr Ksoxz (66928): положил с Инвентарь игрока ID: 66928 в Инвентарь игрока ID: 66929 "Канистра"
[04/12/21] [15:28:35] /me Alexandr Ksoxz (66928): взял с Склад Арсенал LSPD в Инвентарь игрока ID: 66928 "Антипохмелин"
[04/12/21] [15:29:00] /me Alexandr Ksoxz (66928): взял с Склад Арсенал LSPD в Инвентарь игрока ID: 66928 "C4 (Мощная)"
[04/12/21] [15:29:05] /me Alexandr Ksoxz (66928): взял с Склад Арсенал LSPD в Инвентарь игрока ID: 66928 "Отмычка"
[04/12/21] [15:29:10] /me Alexandr Ksoxz (66928): взял с Склад Арсенал LSPD в Инвентарь игрока ID: 66928 "Упаковка LSD"
[04/12/21] [15:38:30] /me Misha Tagilov (66929): Экипировал Маска
[04/12/21] [15:41:39] /me Misha Tagilov (66929): пристегнул ремень безопасности
[04/12/21] [15:48:56] /me Misha Tagilov (66929): пристегнул ремень безопасности
[04/12/21] [15:52:49] /me Misha Tagilov (66929): пристегнул ремень безопасности
[04/12/21] [16:00:04] /me Alexandr Ksoxz (66928): употребил таблетку
[04/12/21] [16:17:25] /me Misha Tagilov (66929): использовал дефибриллятор на пострадавшем
[04/12/21] [17:16:47] /me Misha Tagilov (66929): пристегнул ремень безопасности
[04/12/21] [17:27:30] /me Misha Tagilov (66929): пристегнул ремень безопасности
[04/12/21] [17:35:30] /me Misha Tagilov (66929): пристегнул ремень безопасности
[04/12/21] [22:24:31] /me Alexandr Ksoxz (66928): пристегнул ремень безопасности
[04/12/21] [22:43:29] /me Alexandr Ksoxz (66928): Экипировал P99
[04/12/21] [22:44:05] /me Alexandr Ksoxz (66928): Экипировал QBZ-97
[04/12/21] [22:44:08] /me Alexandr Ksoxz (66928): Экипировал P99
[04/12/21] [22:44:13] /me Alexandr Ksoxz (66928): Экипировал Обрез
[04/12/21] [22:44:19] /me Alexandr Ksoxz (66928): выкинул на землю "Обрез"
[04/12/21] [22:44:21] /me Alexandr Ksoxz (66928): выкинул на землю "P99"
[04/12/21] [22:44:25] /me Alexandr Ksoxz (66928): выкинул на землю "C4 (Мощная)"
[04/12/21] [22:44:28] /me Alexandr Ksoxz (66928): выкинул на землю "C4 (Мощная)"
[04/12/21] [22:44:29] /me Alexandr Ksoxz (66928): выкинул на землю "C4 (Мощная)"
[04/12/21] [22:44:30] /me Alexandr Ksoxz (66928): выкинул на землю "C4 (Мощная)"
[04/12/21] [22:44:31] /me Alexandr Ksoxz (66928): выкинул на землю "C4 (Мощная)"
[04/12/21] [22:44:32] /me Alexandr Ksoxz (66928): выкинул на землю "C4 (Мощная)"
[04/12/21] [22:44:33] /me Alexandr Ksoxz (66928): выкинул на землю "C4 (Мощная)"
[04/12/21] [22:44:34] /me Alexandr Ksoxz (66928): выкинул на землю "C4 (Мощная)"
[04/12/21] [22:44:35] /me Alexandr Ksoxz (66928): выкинул на землю "C4 (Мощная)"
[04/12/21] [22:44:36] /me Alexandr Ksoxz (66928): выкинул на землю "C4 (Мощная)"
[04/12/21] [22:44:37] /me Alexandr Ksoxz (66928): выкинул на землю "C4 (Мощная)"
[04/12/21] [22:44:39] /me Alexandr Ksoxz (66928): выкинул на землю "C4 (Мощная)"
[04/12/21] [22:44:41] /me Alexandr Ksoxz (66928): выкинул на землю "C4 (Мощная)"
[04/12/21] [22:44:42] /me Alexandr Ksoxz (66928): выкинул на землю "C4 (Мощная)"
[04/12/21] [22:44:43] /me Alexandr Ksoxz (66928): выкинул на землю "C4 (Мощная)"
[04/12/21] [22:44:44] /me Alexandr Ksoxz (66928): выкинул на землю "C4 (Мощная)"
[04/12/21] [22:44:49] /me Alexandr Ksoxz (66928): выкинул на землю "Лот. билет"
[04/12/21] [22:44:50] /me Alexandr Ksoxz (66928): выкинул на землю "C4 (Мощная)"
[04/12/21] [22:44:51] /me Alexandr Ksoxz (66928): выкинул на землю "C4 (Мощная)"
[04/12/21] [22:44:52] /me Alexandr Ksoxz (66928): выкинул на землю "C4 (Мощная)"
[04/12/21] [22:44:58] /me Alexandr Ksoxz (66928): взял 50гр наркотиков
[04/12/21] [22:45:01] /me Alexandr Ksoxz (66928): выкинул на землю "Упаковка LSD"
[04/12/21] [22:45:20] /me Alexandr Ksoxz (66928): Экипировал QBZ-97
[04/12/21] [22:45:24] /me Alexandr Ksoxz (66928): выкинул на землю "QBZ-97"
[04/12/21] [22:45:32] /me Alexandr Ksoxz (66928): Экипировал G36C
[04/12/21] [22:45:40] /me Alexandr Ksoxz (66928): Экипировал MP5A3
[04/12/21] [22:45:48] /me Alexandr Ksoxz (66928): Экипировал P-90
[04/12/21] [22:45:55] /me Alexandr Ksoxz (66928): Экипировал Benelli M3
[04/12/21] [22:46:18] /me Alexandr Ksoxz (66928): выкинул на землю "P99"
[04/12/21] [22:47:06] /me Alexandr Ksoxz (66928): Экипировал Taurus PT92
[04/12/21] [22:47:09] /me Alexandr Ksoxz (66928): Экипировал Мачете
[04/12/21] [22:47:10] /me Alexandr Ksoxz (66928): Экипировал Выкидной нож
[04/12/21] [22:47:13] /me Alexandr Ksoxz (66928): Экипировал Нож
[04/12/21] [22:47:30] /me Alexandr Ksoxz (66928): Экипировал Коробка патронов 7.62mm
[04/12/21] [22:47:33] /me Alexandr Ksoxz (66928): Экипировал Коробка патронов 5.56mm
[04/12/21] [22:47:36] /me Alexandr Ksoxz (66928): Экипировал Коробка патронов 18.5mm
[04/12/21] [22:47:37] /me Alexandr Ksoxz (66928): Экипировал Коробка патронов 18.5mm
[04/12/21] [22:47:39] /me Alexandr Ksoxz (66928): Экипировал Коробка патронов 5.56mm
[04/12/21] [22:47:42] /me Alexandr Ksoxz (66928): Экипировал Коробка патронов 7.62mm
[04/12/21] [22:47:45] /me Alexandr Ksoxz (66928): считает патроны
[04/12/21] [22:47:47] /me Alexandr Ksoxz (66928): Экипировал Коробка патронов 9mm (Пистолет)
[04/12/21] [22:47:50] /me Alexandr Ksoxz (66928): Экипировал Коробка патронов 9mm (SMG)
[04/12/21] [22:47:53] /me Alexandr Ksoxz (66928): Экипировал Коробка патронов 12.7mm
[04/12/21] [22:47:56] /me Alexandr Ksoxz (66928): Экипировал Коробка патронов 9mm (SMG)
[04/12/21] [22:47:58] /me Alexandr Ksoxz (66928): Экипировал Коробка патронов 12.7mm
[04/12/21] [22:48:01] /me Alexandr Ksoxz (66928): Экипировал Коробка патронов 9mm (Пистолет)
[05/12/21] [12:15:08] /me Misha Tagilov (66929): пристегнул ремень безопасности
[05/12/21] [12:16:53] /me Misha Tagilov (66929): отстегнул ремень безопасности
[05/12/21] [12:16:58] /me Misha Tagilov (66929): пристегнул ремень безопасности
[05/12/21] [12:20:40] /me Misha Tagilov (66929): пристегнул ремень безопасности
[05/12/21] [12:20:59] /me Misha Tagilov (66929): отстегнул ремень безопасности
[05/12/21] [12:21:05] /me Misha Tagilov (66929): пристегнул ремень безопасности
[05/12/21] [12:28:19] /me Misha Tagilov (66929): отстегнул ремень безопасности
[05/12/21] [12:28:27] /me Misha Tagilov (66929): пристегнул ремень безопасности
[05/12/21] [12:31:40] /me Misha Tagilov (66929): отстегнул ремень безопасности
[05/12/21] [12:31:41] /me Alexandr Ksoxz (66928): пристегнул ремень безопасности
[05/12/21] [12:32:35] /me Misha Tagilov (66929): пристегнул ремень безопасности
[05/12/21] [13:22:41] /me Misha Tagilov (66929): пристегнул ремень безопасности
[05/12/21] [13:34:08] /me Misha Tagilov (66929): пристегнул ремень безопасности
[05/12/21] [13:34:35] /me Alexandr Ksoxz (66928): пристегнул ремень безопасности
[05/12/21] [13:34:37] /me Misha Tagilov (66929): отстегнул ремень безопасности
[05/12/21] [13:34:43] /me Misha Tagilov (66929): пристегнул ремень безопасности
[05/12/21] [13:36:28] /me Misha Tagilov (66929): пристегнул ремень безопасности
[05/12/21] [14:44:55] /me Misha Tagilov (66929): пристегнул ремень безопасности
[05/12/21] [14:49:50] /me Misha Tagilov (66929): Экипировал UTS-15
[05/12/21] [14:49:53] /me Misha Tagilov (66929): Экипировал Коробка патронов 18.5mm
[05/12/21] [14:50:53] /me Misha Tagilov (66929): пристегнул ремень безопасности
[05/12/21] [14:52:10] /me Misha Tagilov (66929): пристегнул ремень безопасности
[06/12/21] [15:13:44] /me Misha Tagilov (66929): пристегнул ремень безопасности
[06/12/21] [15:14:40] /me Misha Tagilov (66929): отстегнул ремень безопасности
[06/12/21] [15:14:48] /me Misha Tagilov (66929): пристегнул ремень безопасности
[06/12/21] [15:16:28] /me Misha Tagilov (66929): пристегнул ремень безопасности
[06/12/21] [15:18:39] /me Misha Tagilov (66929): пристегнул ремень безопасности
[06/12/21] [15:30:39] /me Misha Tagilov (66929): пристегнул ремень безопасности
[06/12/21] [15:50:05] /me Misha Tagilov (66929): пристегнул ремень безопасности
[06/12/21] [15:55:08] /me Misha Tagilov (66929): пристегнул ремень безопасности
[06/12/21] [18:08:35] /me Daniil Olivaros (66953): показал документы
[06/12/21] [18:11:49] /me Tommi Olivaros (66951): пристегнул ремень безопасности
[06/12/21] [19:29:44] /me Alexandr Ksoxz (1): 
[06/12/21] [19:38:36] /me Alexandr Ksoxz (1): пристегнул ремень безопасности
[06/12/21] [20:13:37] /me Tommi Olivaros (2): пристегнул ремень безопасности
