[17/11/21] [15:48:15] Test Test (66921) - Шокер | -1--1 | 1 | -1
[17/11/21] [15:48:19] Test Test (66921) - AK-102 | -1--1 | 1 | -1
[17/11/21] [15:48:24] Test Test (66921) - Полицейская дубинка | -1--1 | 1 | -1
[17/11/21] [15:49:25] Test Test (66921) - Коробка патронов 7.62mm | -1--1 | 130 | -1
[17/11/21] [15:49:59] Test Test (66921) - Коробка патронов 7.62mm | -1--1 | 130 | -1
[17/11/21] [15:50:36] Test Test (66921) - Коробка патронов 5.56mm | -1--1 | 260 | -1
[22/11/21] [23:10:03] Alexandr Ksoxz (66928) - AK-103 | -1--1 | 1 | -1
[22/11/21] [23:10:09] Alexandr Ksoxz (66928) - Коробка патронов 9mm (SMG) | -1--1 | 140 | -1
[22/11/21] [23:11:50] Flame Flame (66930) - AK-103 | -1--1 | 1 | -1
[22/11/21] [23:13:00] Flame Flame (66930) - QBZ-97 | -1--1 | 1 | -1
[22/11/21] [23:13:05] Flame Flame (66930) - Коробка патронов 5.56mm | -1--1 | 260 | -1
[22/11/21] [23:13:23] Alexandr Ksoxz (66928) - P-90 | -1--1 | 1 | -1
[22/11/21] [23:13:27] Alexandr Ksoxz (66928) - Коробка патронов 9mm (SMG) | -1--1 | 140 | -1
[26/11/21] [14:32:31] Tommi Olivaros (66947) - QBZ-97 | -1--1 | 1 | -1
[26/11/21] [14:32:33] Tommi Olivaros (66947) - Коробка патронов 5.56mm | -1--1 | 72 | -1
[26/11/21] [16:44:40] Tommi Olivaros (66947) - QBZ-97 | -1--1 | 1 | -1
[26/11/21] [16:44:53] Tommi Olivaros (66947) - Коробка патронов 5.56mm | -1--1 | 52 | -1
[26/11/21] [16:48:08] Tommi Olivaros (66947) - QBZ-97 | -1--1 | 1 | -1
[27/11/21] [15:11:45] Flame Flame (66930) - Taurus PT92 | -1--1 | 1 | -1
[27/11/21] [15:11:49] Flame Flame (66930) - MP5A3 | -1--1 | 1 | -1
[27/11/21] [15:11:57] Flame Flame (66930) - Коробка патронов 9mm (Пистолет) | -1--1 | 100 | -1
[27/11/21] [15:12:02] Flame Flame (66930) - Коробка патронов 9mm (SMG) | -1--1 | 200 | -1
[27/11/21] [16:06:26] Alexandr Ksoxz (66928) - Taurus PT92 | -1--1 | 1 | -1
[27/11/21] [16:06:29] Alexandr Ksoxz (66928) - P-90 | -1--1 | 1 | -1
[27/11/21] [16:06:31] Alexandr Ksoxz (66928) - MP5A3 | -1--1 | 1 | -1
[27/11/21] [16:06:34] Alexandr Ksoxz (66928) - Коробка патронов 9mm (SMG) | -1--1 | 136 | -1
[27/11/21] [16:06:37] Alexandr Ksoxz (66928) - Коробка патронов 9mm (Пистолет) | -1--1 | 99 | -1
[27/11/21] [16:06:39] Alexandr Ksoxz (66928) - Коробка патронов 9mm (SMG) | -1--1 | 249 | -1
[27/11/21] [16:06:42] Alexandr Ksoxz (66928) - Коробка патронов 9mm (SMG) | -1--1 | 140 | -1
[27/11/21] [16:29:36] Alexandr Ksoxz (66928) - Taurus PT92 | -1--1 | 1 | -1
[27/11/21] [16:29:38] Alexandr Ksoxz (66928) - Taurus PT92 | -1--1 | 1 | -1
[27/11/21] [16:29:40] Alexandr Ksoxz (66928) - P-90 | -1--1 | 1 | -1
[27/11/21] [16:29:43] Alexandr Ksoxz (66928) - MP5A3 | -1--1 | 1 | -1
[27/11/21] [16:30:02] Alexandr Ksoxz (66928) - Коробка патронов 9mm (SMG) | -1--1 | 110 | -1
[27/11/21] [16:30:04] Alexandr Ksoxz (66928) - Коробка патронов 9mm (Пистолет) | -1--1 | 48 | -1
[27/11/21] [16:30:07] Alexandr Ksoxz (66928) - Коробка патронов 9mm (Пистолет) | -1--1 | 140 | -1
[27/11/21] [16:30:09] Alexandr Ksoxz (66928) - Коробка патронов 9mm (SMG) | -1--1 | 140 | -1
[27/11/21] [16:30:14] Alexandr Ksoxz (66928) - Коробка патронов 9mm (SMG) | -1--1 | 140 | -1
[27/11/21] [16:52:28] Misha Tagilov (66929) - Taurus PT92 | -1--1 | 1 | -1
[27/11/21] [16:52:30] Misha Tagilov (66929) - Коробка патронов 9mm (Пистолет) | -1--1 | 100 | -1
[27/11/21] [19:35:48] Alexandr Ksoxz (66928) - MP5A3 | -1--1 | 1 | -1
[27/11/21] [19:35:52] Alexandr Ksoxz (66928) - Коробка патронов 9mm (SMG) | -1--1 | 192 | -1
[27/11/21] [19:35:56] Alexandr Ksoxz (66928) - Коробка патронов 9mm (SMG) | -1--1 | 192 | -1
[27/11/21] [20:02:19] Alexandr Ksoxz (66928) - MP5A3 | -1--1 | 1 | -1
[27/11/21] [20:02:23] Alexandr Ksoxz (66928) - Taurus PT92 | -1--1 | 1 | -1
[27/11/21] [20:02:26] Alexandr Ksoxz (66928) - P-90 | -1--1 | 1 | -1
[27/11/21] [20:02:28] Alexandr Ksoxz (66928) - Коробка патронов 9mm (SMG) | -1--1 | 140 | -1
[27/11/21] [20:02:34] Alexandr Ksoxz (66928) - Коробка патронов 9mm (SMG) | -1--1 | 50 | -1
[27/11/21] [20:02:37] Alexandr Ksoxz (66928) - Коробка патронов 9mm (Пистолет) | -1--1 | 78 | -1
[27/11/21] [23:10:09] Alexandr Ksoxz (66928) - P-90 | -1--1 | 1 | -1
[27/11/21] [23:10:15] Alexandr Ksoxz (66928) - Коробка патронов 9mm (SMG) | -1--1 | 132 | -1
[30/11/21] [14:59:14] Misha Tagilov (66929) - MP5A3 | -1--1 | 1 | -1
[30/11/21] [14:59:17] Misha Tagilov (66929) - Коробка патронов 9mm (Пистолет) | -1--1 | 103 | -1
[30/11/21] [14:59:19] Misha Tagilov (66929) - FN Model 1922 | -1--1 | 1 | -1
[30/11/21] [14:59:23] Misha Tagilov (66929) - Коробка патронов 9mm (Пистолет) | -1--1 | 140 | -1
[30/11/21] [17:14:30] Misha Tagilov (66929) - РПГ-7 | -1--1 | 1 | -1
[30/11/21] [17:14:53] Misha Tagilov (66929) - KSG 12 | -1--1 | 1 | -1
[30/11/21] [17:15:01] Misha Tagilov (66929) - Коробка патронов 5.56mm | -1--1 | 203 | -1
[30/11/21] [17:15:04] Misha Tagilov (66929) - Коробка патронов 9mm (SMG) | -1--1 | 140 | -1
[30/11/21] [17:15:07] Misha Tagilov (66929) - Коробка патронов 5.56mm | -1--1 | 128 | -1
[30/11/21] [17:15:10] Misha Tagilov (66929) - Коробка патронов 9mm (Пистолет) | -1--1 | 96 | -1
[30/11/21] [17:15:12] Misha Tagilov (66929) - Коробка патронов 9mm (Пистолет) | -1--1 | 140 | -1
[30/11/21] [17:15:17] Misha Tagilov (66929) - Коробка патронов 18.5mm | -1--1 | 60 | -1
[02/12/21] [14:06:59] Flame Flame (66930) - AK-103 | -1--1 | 1 | -1
[02/12/21] [14:07:12] Flame Flame (66930) - Коробка патронов 5.56mm | -1--1 | 250 | -1
[02/12/21] [14:08:40] Tommi Olivaros (66947) - L115A3 | -1--1 | 1 | -1
[02/12/21] [14:12:27] Tommi Olivaros (66947) - Коробка патронов 5.56mm | -1--1 | 260 | -1
[02/12/21] [14:13:09] Tommi Olivaros (66947) - QBZ-97 | -1--1 | 1 | -1
[02/12/21] [14:16:34] Flame Flame (66930) - AK-103 | -1--1 | 1 | -1
[02/12/21] [14:16:53] Flame Flame (66930) - Коробка патронов 5.56mm | -1--1 | 241 | -1
[02/12/21] [14:20:48] Tommi Olivaros (66947) - Шокер | -1--1 | 1 | -1
[02/12/21] [15:31:17] Alexandr Ksoxz (66928) - Коробка патронов RPG | -1--1 | 1 | -1
[02/12/21] [15:32:43] Misha Tagilov (66929) - Коктейль Молотова | -1--1 | 1 | -1
[02/12/21] [15:32:55] Misha Tagilov (66929) - KSG 12 | -1--1 | 1 | -1
[02/12/21] [15:32:58] Misha Tagilov (66929) - Коробка патронов 18.5mm | -1--1 | 38 | -1
[03/12/21] [08:12:16] Tommi Olivaros (66947) - L115A3 | -1--1 | 1 | -1
[03/12/21] [08:25:34] Misha Tagilov (66929) - FN Model 1922 | -1--1 | 1 | -1
[03/12/21] [08:25:39] Misha Tagilov (66929) - Коробка патронов 9mm (Пистолет) | -1--1 | 250 | -1
[03/12/21] [08:52:10] Misha Tagilov (66929) - FN Model 1922 | -1--1 | 1 | -1
[03/12/21] [08:52:13] Misha Tagilov (66929) - Коробка патронов 9mm (Пистолет) | -1--1 | 44 | -1
[03/12/21] [08:57:25] Tommi Olivaros (66947) - P-90 | -1--1 | 1 | -1
[03/12/21] [08:58:39] Tommi Olivaros (66947) - MP5A3 | -1--1 | 1 | -1
[03/12/21] [08:58:42] Tommi Olivaros (66947) - Коробка патронов 7.62mm | -1--1 | 130 | -1
[03/12/21] [08:58:51] Tommi Olivaros (66947) - Коробка патронов 12.7mm | -1--1 | 60 | -1
[03/12/21] [08:59:26] Tommi Olivaros (66947) - SIG MPX-SD | -1--1 | 1 | -1
[03/12/21] [09:38:41] Tommi Olivaros (66947) - MP5A3 | -1--1 | 1 | -1
[03/12/21] [09:39:14] Misha Tagilov (66929) - Рельсовое оружие | -1--1 | 1 | -1
[03/12/21] [09:39:31] Tommi Olivaros (66947) - SIG MPX-SD | -1--1 | 1 | -1
[03/12/21] [09:39:33] Tommi Olivaros (66947) - Рельсовое оружие | -1--1 | 1 | -1
[03/12/21] [09:40:12] Tommi Olivaros (66947) - Коробка патронов | -1--1 | 8 | -1
[03/12/21] [10:48:56] Tommi Olivaros (66947) - Рельсовое оружие | -1--1 | 1 | -1
[03/12/21] [10:48:59] Tommi Olivaros (66947) - Коробка патронов | -1--1 | 10 | -1
[03/12/21] [11:05:27] Tommi Olivaros (66947) - SIG MPX-SD | -1--1 | 1 | -1
[03/12/21] [11:05:36] Tommi Olivaros (66947) - MP5A3 | -1--1 | 1 | -1
[03/12/21] [11:06:28] Tommi Olivaros (66947) - MP5A3 | -1--1 | 1 | -1
[03/12/21] [11:07:18] Tommi Olivaros (66947) - MP5A3 | -1--1 | 1 | -1
[03/12/21] [11:07:52] Tommi Olivaros (66947) - SIG MPX-SD | -1--1 | 1 | -1
[03/12/21] [11:08:57] Tommi Olivaros (66947) - ПКП «Печенег» | -1--1 | 1 | -1
[03/12/21] [11:09:19] Misha Tagilov (66929) - MP5A3 | -1--1 | 1 | -1
[03/12/21] [11:09:27] Tommi Olivaros (66947) - ПКП «Печенег» | -1--1 | 1 | -1
[03/12/21] [11:09:47] Misha Tagilov (66929) - KSG 12 | -1--1 | 1 | -1
[03/12/21] [11:09:48] Tommi Olivaros (66947) - AK-102 | -1--1 | 1 | -1
[03/12/21] [11:10:38] Tommi Olivaros (66947) - AK-102 | -1--1 | 1 | -1
[03/12/21] [11:11:59] Tommi Olivaros (66947) - L115A3 | -1--1 | 1 | -1
[03/12/21] [11:13:14] Tommi Olivaros (66947) - P-90 | -1--1 | 1 | -1
[03/12/21] [11:14:20] Tommi Olivaros (66947) - L115A3 | -1--1 | 1 | -1
[03/12/21] [11:14:50] Tommi Olivaros (66947) - AK-102 | -1--1 | 1 | -1
[03/12/21] [11:49:35] Tommi Olivaros (66947) - L115A3 | -1--1 | 1 | -1
[03/12/21] [11:49:44] Tommi Olivaros (66947) - MP5A3 | -1--1 | 1 | -1
[03/12/21] [16:31:23] Aleksandr Dmitryev (66940) - MP5A3 | -1--1 | 1 | -1
[03/12/21] [16:31:49] Aleksandr Dmitryev (66940) - Коробка патронов 9mm (SMG) | -1--1 | 53 | -1
[03/12/21] [16:32:00] Aleksandr Dmitryev (66940) - Коробка патронов 9mm (SMG) | -1--1 | 140 | -1
[03/12/21] [16:40:03] Misha Tagilov (66929) - FN Model 1922 | -1--1 | 1 | -1
[03/12/21] [16:40:07] Misha Tagilov (66929) - MP5A3 | -1--1 | 1 | -1
[03/12/21] [16:40:10] Misha Tagilov (66929) - Коробка патронов 18.5mm | -1--1 | 22 | -1
[03/12/21] [16:40:12] Misha Tagilov (66929) - Коробка патронов 9mm (Пистолет) | -1--1 | 140 | -1
[03/12/21] [16:54:35] Aleksandr Dmitryev (66940) - P-90 | -1--1 | 1 | -1
[03/12/21] [16:55:18] Aleksandr Dmitryev (66940) - Коробка патронов 9mm (SMG) | -1--1 | 140 | -1
[03/12/21] [19:34:39] Aleksandr Dmitryev (66940) - Нож | -1--1 | 1 | -1
[03/12/21] [19:36:41] Aleksandr Dmitryev (66940) - FN Model 1922 | -1--1 | 1 | -1
[03/12/21] [19:36:43] Aleksandr Dmitryev (66940) - MP5A3 | -1--1 | 1 | -1
[03/12/21] [19:36:46] Aleksandr Dmitryev (66940) - P-90 | -1--1 | 1 | -1
[03/12/21] [19:37:00] Aleksandr Dmitryev (66940) - Коробка патронов 9mm (Пистолет) | -1--1 | 105 | -1
[03/12/21] [19:37:39] Aleksandr Dmitryev (66940) - Коробка патронов 7.62mm | -1--1 | 130 | -1
[03/12/21] [19:37:50] Aleksandr Dmitryev (66940) - Коробка патронов 9mm (SMG) | -1--1 | 128 | -1
[03/12/21] [20:01:51] Aleksandr Dmitryev (66940) - P-90 | -1--1 | 1 | -1
[03/12/21] [20:01:57] Aleksandr Dmitryev (66940) - Коробка патронов 9mm (SMG) | -1--1 | 160 | -1
[04/12/21] [09:36:24] Tommi Olivaros (66947) - L115A3 | -1--1 | 1 | -1
[04/12/21] [09:36:41] Tommi Olivaros (66947) - MP5A3 | -1--1 | 1 | -1
[04/12/21] [09:37:18] Tommi Olivaros (66947) - Коктейль Молотова | -1--1 | 1 | -1
[04/12/21] [09:46:43] Tommi Olivaros (66947) - L115A3 | -1--1 | 1 | -1
[04/12/21] [09:59:50] Misha Tagilov (66929) - MP5A3 | -1--1 | 1 | -1
[04/12/21] [09:59:53] Misha Tagilov (66929) - Коробка патронов | -1--1 | 10 | -1
[04/12/21] [12:44:13] Tommi Olivaros (66947) - AK-102 | -1--1 | 1 | -1
[04/12/21] [12:44:45] Tommi Olivaros (66947) - Коктейль Молотова | -1--1 | 1 | -1
[04/12/21] [13:36:10] Misha Tagilov (66929) - MP5A3 | -1--1 | 1 | -1
[04/12/21] [22:43:29] Alexandr Ksoxz (66928) - P99 | -1--1 | 1 | -1
[04/12/21] [22:44:05] Alexandr Ksoxz (66928) - QBZ-97 | -1--1 | 1 | -1
[04/12/21] [22:44:08] Alexandr Ksoxz (66928) - P99 | -1--1 | 1 | -1
[04/12/21] [22:44:13] Alexandr Ksoxz (66928) - Обрез | -1--1 | 1 | -1
[04/12/21] [22:45:20] Alexandr Ksoxz (66928) - QBZ-97 | -1--1 | 1 | -1
[04/12/21] [22:45:32] Alexandr Ksoxz (66928) - G36C | -1--1 | 1 | -1
[04/12/21] [22:45:41] Alexandr Ksoxz (66928) - MP5A3 | -1--1 | 1 | -1
[04/12/21] [22:45:48] Alexandr Ksoxz (66928) - P-90 | -1--1 | 1 | -1
[04/12/21] [22:45:55] Alexandr Ksoxz (66928) - Benelli M3 | -1--1 | 1 | -1
[04/12/21] [22:47:06] Alexandr Ksoxz (66928) - Taurus PT92 | -1--1 | 1 | -1
[04/12/21] [22:47:09] Alexandr Ksoxz (66928) - Мачете | -1--1 | 1 | -1
[04/12/21] [22:47:10] Alexandr Ksoxz (66928) - Выкидной нож | -1--1 | 1 | -1
[04/12/21] [22:47:13] Alexandr Ksoxz (66928) - Нож | -1--1 | 1 | -1
[04/12/21] [22:47:30] Alexandr Ksoxz (66928) - Коробка патронов 7.62mm | -1--1 | 130 | -1
[04/12/21] [22:47:33] Alexandr Ksoxz (66928) - Коробка патронов 5.56mm | -1--1 | 260 | -1
[04/12/21] [22:47:36] Alexandr Ksoxz (66928) - Коробка патронов 18.5mm | -1--1 | 60 | -1
[04/12/21] [22:47:37] Alexandr Ksoxz (66928) - Коробка патронов 18.5mm | -1--1 | 60 | -1
[04/12/21] [22:47:39] Alexandr Ksoxz (66928) - Коробка патронов 5.56mm | -1--1 | 260 | -1
[04/12/21] [22:47:42] Alexandr Ksoxz (66928) - Коробка патронов 7.62mm | -1--1 | 130 | -1
[04/12/21] [22:47:47] Alexandr Ksoxz (66928) - Коробка патронов 9mm (Пистолет) | -1--1 | 140 | -1
[04/12/21] [22:47:50] Alexandr Ksoxz (66928) - Коробка патронов 9mm (SMG) | -1--1 | 140 | -1
[04/12/21] [22:47:53] Alexandr Ksoxz (66928) - Коробка патронов 12.7mm | -1--1 | 60 | -1
[04/12/21] [22:47:56] Alexandr Ksoxz (66928) - Коробка патронов 9mm (SMG) | -1--1 | 140 | -1
[04/12/21] [22:47:58] Alexandr Ksoxz (66928) - Коробка патронов 12.7mm | -1--1 | 60 | -1
[04/12/21] [22:48:01] Alexandr Ksoxz (66928) - Коробка патронов 9mm (Пистолет) | -1--1 | 140 | -1
[05/12/21] [14:49:50] Misha Tagilov (66929) - UTS-15 | -1--1 | 1 | -1
[05/12/21] [14:49:53] Misha Tagilov (66929) - Коробка патронов 18.5mm | -1--1 | 6 | -1
