[17/11/21] [17:12:03] Test Test (66921) kill by Test Test (66921) 741814745 [-1787.435791015625, 2988.047607421875, 32.99222946166992]
[17/11/21] [17:17:44] Test Test (66921) kill by Test Test (66921) 539292904 [267.65399169921875, -1266.4334716796875, 29.07402801513672]
[17/11/21] [17:17:45] Test Test (66921) 539292904
[22/11/21] [22:24:50] Flame Flame (66930) 2741846334
[22/11/21] [23:14:29] Alexandr Ksoxz (66928) kill by Flame Flame (66930) 2132975508 [-214.67845153808594, -687.0477905273438, 33.73191833496094]
[22/11/21] [23:14:45] Alexandr Ksoxz (66928) kill by Flame Flame (66930) 2132975508 [-264.8985900878906, -738.940185546875, 34.4167366027832]
[22/11/21] [23:15:21] Alexandr Ksoxz (66928) kill by Flame Flame (66930) 2132975508 [-281.5896301269531, -685.6589965820312, 33.42640686035156]
[22/11/21] [23:15:40] Alexandr Ksoxz (66928) kill by Flame Flame (66930) 2132975508 [-269.9607238769531, -682.6621704101562, 33.377925872802734]
[22/11/21] [23:15:55] Alexandr Ksoxz (66928) kill by Flame Flame (66930) 2132975508 [-270.0307312011719, -683.2922973632812, 33.36831283569336]
[22/11/21] [23:16:32] Alexandr Ksoxz (66928) kill by Flame Flame (66930) 2132975508 [-256.9121398925781, -677.5245971679688, 33.14280319213867]
[22/11/21] [23:16:44] Alexandr Ksoxz (66928) kill by Flame Flame (66930) 2741846334 [-251.05702209472656, -673.3973999023438, 32.805789947509766]
[22/11/21] [23:17:15] Alexandr Ksoxz (66928) 0
[22/11/21] [23:17:33] Alexandr Ksoxz (66928) 0
[23/11/21] [19:14:47] Misha Tagilov (66929) 3452007600
[26/11/21] [10:15:52] John Lazzaro (66946) kill by John Lazzaro (66946) 133987706 [-1013.0785522460938, 63.35701370239258, 51.730472564697266]
[26/11/21] [14:49:15] Flame Flame (66930) 539292904
[26/11/21] [14:49:15] Flame Flame (66930) 539292904
[26/11/21] [14:51:01] Tommi Olivaros (66947) kill by Flame Flame (66930) 3249783761 [1382.7962646484375, -714.3536987304688, 66.79019927978516]
[26/11/21] [17:19:21] John Lazzaro (66946) 3452007600
[26/11/21] [17:26:58] John Lazzaro (66946) 0
[26/11/21] [17:27:09] Flame Flame (66930) 3452007600
[26/11/21] [17:38:59] John Lazzaro (66946) 0
[26/11/21] [17:46:40] Flame Flame (66930) 3452007600
[26/11/21] [17:49:59] Flame Flame (66930) kill by Flame Flame (66930) 2741846334 [-897.0415649414062, -835.5896606445312, 16.75553321838379]
[26/11/21] [17:56:37] Tommi Olivaros (66947) kill by Flame Flame (66930) 177293209 [-1957.7142333984375, 3293.254638671875, 32.96026611328125]
[26/11/21] [17:57:30] Flame Flame (66930) kill by Alexandr Ksoxz (66928) 177293209 [-2030.9664306640625, 3191.04638671875, 52.68855285644531]
[26/11/21] [17:59:16] Misha Tagilov (66929) kill by Flame Flame (66930) 177293209 [378.67388916015625, -609.6995849609375, 28.94550323486328]
[26/11/21] [17:59:59] Flame Flame (66930) kill by Alexandr Ksoxz (66928) 177293209 [365.71246337890625, -647.4661865234375, 29.30904197692871]
[26/11/21] [18:00:27] Misha Tagilov (66929) kill by Flame Flame (66930) 177293209 [402.4999084472656, -605.54345703125, 28.78753662109375]
[26/11/21] [18:01:25] Misha Tagilov (66929) kill by Flame Flame (66930) 177293209 [359.6392822265625, -634.2042846679688, 29.08295249938965]
[26/11/21] [18:16:34] John Lazzaro (66946) kill by Flame Flame (66930) 177293209 [-74.6694564819336, -819.5708618164062, 243.38580322265625]
[26/11/21] [18:17:05] John Lazzaro (66946) kill by Flame Flame (66930) 177293209 [-74.80522918701172, -814.6481323242188, 243.38589477539062]
[26/11/21] [18:22:59] Flame Flame (66930) kill by Flame Flame (66930) 3125143736 [-780.5501708984375, 157.71165466308594, 67.47454071044922]
[26/11/21] [18:23:37] Tommi Olivaros (66947) 0
[26/11/21] [18:24:47] Misha Tagilov (66929) 0
[26/11/21] [18:25:03] Flame Flame (66930) kill by John Lazzaro (66946) 1119849093 [-779.283203125, 151.91835021972656, 67.47420501708984]
[26/11/21] [18:25:11] Misha Tagilov (66929) kill by John Lazzaro (66946) 1119849093 [-781.6106567382812, 154.92575073242188, 67.4659194946289]
[26/11/21] [18:25:57] Misha Tagilov (66929) 0
[26/11/21] [18:26:16] Tommi Olivaros (66947) 0
[26/11/21] [18:26:19] Flame Flame (66930) 0
[26/11/21] [18:26:26] Misha Tagilov (66929) 0
[26/11/21] [18:26:26] John Lazzaro (66946) 0
[26/11/21] [18:26:33] Misha Tagilov (66929) 0
[26/11/21] [18:27:23] Misha Tagilov (66929) 0
[26/11/21] [18:28:21] Misha Tagilov (66929) 0
[26/11/21] [18:29:07] Flame Flame (66930) 0
[26/11/21] [18:29:34] Flame Flame (66930) 0
[26/11/21] [18:29:44] Misha Tagilov (66929) 3452007600
[26/11/21] [18:30:02] Flame Flame (66930) 3452007600
[26/11/21] [18:30:08] Flame Flame (66930) 3452007600
[26/11/21] [18:30:12] Flame Flame (66930) 0
[26/11/21] [18:30:28] Flame Flame (66930) 3452007600
[26/11/21] [18:30:56] Misha Tagilov (66929) kill by John Lazzaro (66946) 2741846334 [-855.3447265625, 151.4969024658203, 63.53276443481445]
[26/11/21] [18:31:43] John Lazzaro (66946) kill by John Lazzaro (66946) 133987706 [-1383.3143310546875, -158.487060546875, 48.07677459716797]
[26/11/21] [18:34:50] John Lazzaro (66946) 0
[26/11/21] [18:35:43] Misha Tagilov (66929) 0
[26/11/21] [18:36:13] Misha Tagilov (66929) 0
[26/11/21] [19:21:16] Misha Tagilov (66929) 0
[26/11/21] [19:54:37] Misha Tagilov (66929) 3452007600
[26/11/21] [21:02:46] Flame Flame (66930) kill by Flame Flame (66930) 133987706 [-2163.291015625, -270.1004943847656, 13.74417781829834]
[27/11/21] [15:11:20] Flame Flame (66930) 0
[27/11/21] [15:31:58] Misha Tagilov (66929) kill by Flame Flame (66930) 736523883 [480.37457275390625, -1135.92041015625, 29.331144332885742]
[27/11/21] [15:39:18] Misha Tagilov (66929) kill by Flame Flame (66930) 736523883 [2509.61669921875, -417.8844909667969, 90.1035385131836]
[27/11/21] [15:40:52] Flame Flame (66930) 0
[27/11/21] [16:17:08] Alexandr Ksoxz (66928) 3452007600
[27/11/21] [16:17:10] Misha Tagilov (66929) 3452007600
[27/11/21] [16:42:43] Misha Tagilov (66929) 0
[27/11/21] [16:51:25] Misha Tagilov (66929) 3452007600
[27/11/21] [16:52:54] Alexandr Ksoxz (66928) 0
[27/11/21] [16:56:43] Alexandr Ksoxz (66928) 0
[27/11/21] [16:56:43] Misha Tagilov (66929) 0
[27/11/21] [17:00:38] Misha Tagilov (66929) 0
[27/11/21] [17:00:38] Alexandr Ksoxz (66928) 0
[27/11/21] [17:00:38] Misha Tagilov (66929) kill by Misha Tagilov (66929) 3750660587 [209.82423400878906, -1156.5206298828125, 29.498775482177734]
[27/11/21] [18:03:22] Misha Tagilov (66929) 3452007600
[27/11/21] [18:04:08] Misha Tagilov (66929) 539292904
[27/11/21] [18:07:44] Misha Tagilov (66929) 3452007600
[27/11/21] [18:12:36] Misha Tagilov (66929) 0
[27/11/21] [18:12:36] Misha Tagilov (66929) kill by Misha Tagilov (66929) 3750660587 [-1734.6343994140625, -439.5421447753906, 42.100486755371094]
[27/11/21] [18:13:03] Misha Tagilov (66929) 3452007600
[27/11/21] [19:48:10] Misha Tagilov (66929) kill by Alexandr Ksoxz (66928) 3249783761 [1371.380615234375, -725.9923706054688, 67.19026947021484]
[27/11/21] [19:52:05] Misha Tagilov (66929) 0
[27/11/21] [19:56:35] Misha Tagilov (66929) kill by Misha Tagilov (66929) 133987706 [269.86944580078125, 922.3676147460938, 210.48031616210938]
[27/11/21] [20:35:18] Misha Tagilov (66929) 3452007600
[27/11/21] [23:10:36] Flame Flame (66930) kill by Alexandr Ksoxz (66928) 4024951519 [-46.8484001159668, 37.11236572265625, 72.23678588867188]
[27/11/21] [23:15:37] Flame Flame (66930) kill by Alexandr Ksoxz (66928) 736523883 [-52.01189041137695, 36.249122619628906, 72.27438354492188]
[27/11/21] [23:22:03] Alexandr Ksoxz (66928) kill by Flame Flame (66930) 741814745 [58.00119400024414, 305.59478759765625, 110.92305755615234]
[27/11/21] [23:22:03] Alexandr Ksoxz (66928) kill by Flame Flame (66930) 741814745 [57.8271484375, 305.1374816894531, 110.90521240234375]
[27/11/21] [23:22:19] Alexandr Ksoxz (66928) kill by Flame Flame (66930) 615608432 [51.403419494628906, 287.0990905761719, 110.04646301269531]
[27/11/21] [23:23:42] Alexandr Ksoxz (66928) 0
[27/11/21] [23:28:01] Flame Flame (66930) kill by Flame Flame (66930) 741814745 [310.63134765625, -740.2678833007812, 29.409950256347656]
[27/11/21] [23:40:38] Flame Flame (66930) kill by Flame Flame (66930) 4256991824 [402.8275146484375, -625.0372314453125, 28.500568389892578]
[27/11/21] [23:41:36] Alexandr Ksoxz (66928) 0
[27/11/21] [23:43:31] Alexandr Ksoxz (66928) 0
[27/11/21] [23:57:19] Flame Flame (66930) 2725352035
[28/11/21] [00:55:46] Alexandr Ksoxz (66928) kill by Flame Flame (66930) 2741846334 [-1370.6309814453125, -559.9105224609375, 30.23257064819336]
[28/11/21] [12:49:48] Alexandr Ksoxz (66928) kill by Alexandr Ksoxz (66928) 133987706 [373.7826843261719, -1497.255859375, 30.15322494506836]
[29/11/21] [21:39:42] Alexandr Ksoxz (66928) kill by Flame Flame (66930) 3249783761 [1366.4840087890625, -762.7461547851562, 67.24382781982422]
[29/11/21] [21:41:09] Flame Flame (66930) kill by Flame Flame (66930) 133987706 [897.4087524414062, -1452.9569091796875, 29.908212661743164]
[30/11/21] [15:29:57] Alexandr Ksoxz (66928) 539292904
[30/11/21] [16:54:44] Misha Tagilov (66929) kill by Alexandr Ksoxz (66928) 3249783761 [1372.7747802734375, -758.7356567382812, 67.20023345947266]
[30/11/21] [16:55:36] Alexandr Ksoxz (66928) kill by Misha Tagilov (66929) 3249783761 [1379.760009765625, -723.6699829101562, 67.19000244140625]
[30/11/21] [17:00:23] Misha Tagilov (66929) kill by Misha Tagilov (66929) 3452007600 [584.706298828125, -892.7628173828125, 10.858658790588379]
[30/11/21] [17:00:35] Alexandr Ksoxz (66928) kill by Alexandr Ksoxz (66928) 3452007600 [585.9900512695312, -901.4497680664062, 9.441426277160645]
[30/11/21] [17:00:43] Misha Tagilov (66929) 3452007600
[30/11/21] [17:16:26] Alexandr Ksoxz (66928) 0
[02/12/21] [13:13:48] Alexandr Ksoxz (66928) kill by Aleksandr Dmitryev (66940) 3249783761 [1372.8131103515625, -741.3817749023438, 67.23290252685547]
[02/12/21] [13:20:33] Aleksandr Dmitryev (66940) kill by Aleksandr Dmitryev (66940) 3452007600 [-2949.106689453125, 2285.779052734375, 1.4061639308929443]
[02/12/21] [13:21:56] Tommi Olivaros (66947) 3452007600
[02/12/21] [13:23:11] Aleksandr Dmitryev (66940) 3452007600
[02/12/21] [13:23:29] Tommi Olivaros (66947) 3452007600
[02/12/21] [13:29:48] Aleksandr Dmitryev (66940) 0
[02/12/21] [13:30:59] Aleksandr Dmitryev (66940) 539292904
[02/12/21] [13:30:59] Aleksandr Dmitryev (66940) kill by Aleksandr Dmitryev (66940) 539292904 [-1305.239990234375, -2194.250244140625, 19.488595962524414]
[02/12/21] [13:32:40] Aleksandr Dmitryev (66940) 0
[02/12/21] [13:35:43] Aleksandr Dmitryev (66940) 539292904
[02/12/21] [13:35:44] Aleksandr Dmitryev (66940) kill by Aleksandr Dmitryev (66940) 539292904 [-233.7636260986328, 1738.183837890625, 228.77191162109375]
[02/12/21] [13:49:49] Misha Tagilov (66929) 3452007600
[02/12/21] [14:05:25] Tommi Olivaros (66947) 3452007600
[02/12/21] [14:14:15] Flame Flame (66930) kill by Aleksandr Dmitryev (66940) 177293209 [1001.77197265625, 30.691247940063477, 72.73590087890625]
[02/12/21] [14:14:21] Tommi Olivaros (66947) kill by Aleksandr Dmitryev (66940) 177293209 [1001.1783447265625, 31.523056030273438, 72.73590087890625]
[02/12/21] [14:15:12] Flame Flame (66930) kill by Aleksandr Dmitryev (66940) 177293209 [1001.5755615234375, 33.429019927978516, 72.73568725585938]
[02/12/21] [14:18:03] Tommi Olivaros (66947) kill by Aleksandr Dmitryev (66940) 171789620 [1001.9868774414062, 35.44700241088867, 72.73406982421875]
[02/12/21] [14:18:33] Aleksandr Dmitryev (66940) kill by Flame Flame (66930) 961495388 [1034.0067138671875, 90.34972381591797, 72.68126678466797]
[02/12/21] [14:19:23] Aleksandr Dmitryev (66940) kill by Flame Flame (66930) 961495388 [1707.999755859375, 2533.806396484375, 45.564857482910156]
[02/12/21] [14:19:55] Aleksandr Dmitryev (66940) kill by Flame Flame (66930) 961495388 [1698.7674560546875, 2525.677001953125, 45.56489944458008]
[02/12/21] [14:21:49] Aleksandr Dmitryev (66940) 3452007600
[02/12/21] [14:22:42] Aleksandr Dmitryev (66940) kill by Flame Flame (66930) 961495388 [1697.6466064453125, 2559.61767578125, 45.56488800048828]
[02/12/21] [14:26:16] Aleksandr Dmitryev (66940) 3452007600
[02/12/21] [14:29:30] Tommi Olivaros (66947) 3452007600
[02/12/21] [15:29:04] Tommi Olivaros (66947) 3452007600
[02/12/21] [15:29:04] Misha Tagilov (66929) kill by Misha Tagilov (66929) 3750660587 [-1868.8707275390625, -827.2811279296875, 2.3145267963409424]
[02/12/21] [15:29:04] Misha Tagilov (66929) 3565779982
[02/12/21] [15:33:05] Alexandr Ksoxz (66928) kill by Misha Tagilov (66929) 2640438543 [-144.1165771484375, 923.0365600585938, 235.70738220214844]
[03/12/21] [08:22:59] Misha Tagilov (66929) 3452007600
[03/12/21] [08:54:41] Tommi Olivaros (66947) 0
[03/12/21] [08:54:46] Tommi Olivaros (66947) 0
[03/12/21] [08:55:08] Tommi Olivaros (66947) 0
[03/12/21] [08:55:23] Tommi Olivaros (66947) 0
[03/12/21] [09:30:52] Misha Tagilov (66929) 539292904
[03/12/21] [09:42:36] Tommi Olivaros (66947) kill by Misha Tagilov (66929) 3249783761 [1381.5845947265625, -728.300537109375, 67.203369140625]
[03/12/21] [09:43:19] Misha Tagilov (66929) kill by Tommi Olivaros (66947) 3249783761 [1390.7867431640625, -752.383056640625, 67.26883697509766]
[03/12/21] [11:13:56] Tommi Olivaros (66947) 3452007600
[03/12/21] [11:29:39] Aleksandr Dmitryev (66940) kill by Misha Tagilov (66929) 2725352035 [1002.9006958007812, 35.33136749267578, 72.73377990722656]
[03/12/21] [11:30:26] Misha Tagilov (66929) 3452007600
[03/12/21] [11:33:00] Aleksandr Dmitryev (66940) 3452007600
[03/12/21] [11:33:19] Misha Tagilov (66929) 3452007600
[03/12/21] [11:34:48] Misha Tagilov (66929) 3452007600
[03/12/21] [11:48:41] Aleksandr Dmitryev (66940) 3452007600
[03/12/21] [11:58:05] Aleksandr Dmitryev (66940) 0
[03/12/21] [11:58:45] Misha Tagilov (66929) 0
[03/12/21] [11:59:24] Aleksandr Dmitryev (66940) 0
[03/12/21] [11:59:55] Aleksandr Dmitryev (66940) 0
[03/12/21] [12:00:59] Misha Tagilov (66929) kill by Aleksandr Dmitryev (66940) 324215364 [-1436.2064208984375, 73.88308715820312, 52.50470733642578]
[03/12/21] [12:05:06] Aleksandr Dmitryev (66940) 0
[03/12/21] [12:05:12] Aleksandr Dmitryev (66940) 0
[03/12/21] [12:05:25] Aleksandr Dmitryev (66940) 0
[03/12/21] [12:05:33] Misha Tagilov (66929) 3452007600
[03/12/21] [12:23:56] Aleksandr Dmitryev (66940) kill by Misha Tagilov (66929) 3249783761 [1381.4217529296875, -722.7015380859375, 67.19034576416016]
[03/12/21] [16:13:18] Aleksandr Dmitryev (66940) 539292904
[03/12/21] [16:13:18] Aleksandr Dmitryev (66940) kill by Aleksandr Dmitryev (66940) 539292904 [-1475.9158935546875, -2168.062744140625, 1.113830804824829]
[03/12/21] [16:21:36] Aleksandr Dmitryev (66940) kill by Aleksandr Dmitryev (66940) 539292904 [1523.64013671875, 653.3267822265625, 130.48077392578125]
[03/12/21] [16:21:36] Aleksandr Dmitryev (66940) kill by Aleksandr Dmitryev (66940) 539292904 [1535, 651.2222290039062, 131.3896026611328]
[03/12/21] [16:42:19] Aleksandr Dmitryev (66940) kill by Misha Tagilov (66929) 137902532 [-65.37798309326172, -559.6464233398438, 39.25917053222656]
[03/12/21] [16:42:30] Misha Tagilov (66929) 3452007600
[03/12/21] [16:43:06] Misha Tagilov (66929) 3452007600
[03/12/21] [16:46:48] Aleksandr Dmitryev (66940) 3452007600
[03/12/21] [17:23:37] Misha Tagilov (66929) 3452007600
[03/12/21] [17:29:24] Misha Tagilov (66929) 0
[03/12/21] [17:44:03] Alexandr Ksoxz (66928) 539292904
[03/12/21] [17:44:03] Alexandr Ksoxz (66928) 539292904
[03/12/21] [17:44:26] Misha Tagilov (66929) 3452007600
[03/12/21] [19:37:13] Alexandr Ksoxz (66928) 0
[03/12/21] [19:43:09] Alexandr Ksoxz (66928) 3452007600
[03/12/21] [19:59:24] Aleksandr Dmitryev (66940) 539292904
[03/12/21] [19:59:24] Aleksandr Dmitryev (66940) kill by Aleksandr Dmitryev (66940) 539292904 [-1679.49365234375, -2574.051513671875, 7.599019527435303]
[03/12/21] [20:13:20] Alexandr Ksoxz (66928) 0
[04/12/21] [13:01:21] Misha Tagilov (66929) 0
[04/12/21] [13:37:46] Misha Tagilov (66929) 3452007600
[04/12/21] [16:17:17] Alexandr Ksoxz (66928) kill by Misha Tagilov (66929) 3800352039 [451.0216979980469, 5571.1435546875, 796.6954345703125]
[04/12/21] [16:37:55] Alexandr Ksoxz (66928) 0
[04/12/21] [16:38:14] Alexandr Ksoxz (66928) 0
[04/12/21] [16:38:21] Alexandr Ksoxz (66928) 0
[04/12/21] [16:38:26] Alexandr Ksoxz (66928) 0
[04/12/21] [16:38:35] Alexandr Ksoxz (66928) 0
[04/12/21] [16:38:41] Alexandr Ksoxz (66928) 0
[04/12/21] [16:38:55] Alexandr Ksoxz (66928) 0
[04/12/21] [16:49:10] Alexandr Ksoxz (66928) 3452007600
[04/12/21] [17:37:45] Misha Tagilov (66929) 0
[04/12/21] [22:41:41] Alexandr Ksoxz (66928) 2741846334
[05/12/21] [13:59:05] Alexandr Ksoxz (66928) 0
[05/12/21] [15:00:14] Misha Tagilov (66929) 0
[05/12/21] [15:01:57] Misha Tagilov (66929) kill by Misha Tagilov (66929) 3452007600 [1024.0296630859375, -1623.5545654296875, 33.65327453613281]
[06/12/21] [15:56:50] Alexandr Ksoxz (66928) kill by Misha Tagilov (66929) 2741846334 [1898.3582763671875, 3972.009521484375, 47.59777069091797]
[06/12/21] [15:56:54] Misha Tagilov (66929) 0
