[06/11/21] [17:36:39] listening on 1222
[06/11/21] [17:48:39] listening on 1222
[06/11/21] [17:58:05] listening on 1222
[06/11/21] [18:15:31] listening on 1222
[06/11/21] [18:24:03] listening on 1222
[06/11/21] [18:43:30] listening on 1222
[06/11/21] [18:56:03] listening on 1222
[06/11/21] [19:01:41] listening on 1222
[06/11/21] [19:05:27] listening on 1222
[06/11/21] [19:06:25] listening on 1222
[06/11/21] [19:06:39] listening on 1222
[09/11/21] [13:35:31] listening on 1222
[13/11/21] [17:19:48] listening on 1222
[13/11/21] [19:54:09] listening on 1222
[13/11/21] [20:14:04] listening on 1222
[13/11/21] [20:15:52] listening on 1222
[13/11/21] [21:34:25] listening on 1222
[13/11/21] [23:09:15] listening on 1222
[13/11/21] [23:09:59] listening on 1222
[13/11/21] [23:46:37] listening on 1222
[17/11/21] [14:36:39] listening on 1222
[17/11/21] [14:52:44] listening on 1222
[17/11/21] [15:04:50] listening on 1222
[17/11/21] [15:13:03] WeirdNewbie call web:socket with 1222 | 26.129.61.254 | lXn0DJPkdKtl04mdel1NsjgCp | false
[17/11/21] [15:13:04] socket connection step 4: player found WeirdNewbie
[17/11/21] [15:57:22] WeirdNewbie call web:socket with 1222 | 26.129.61.254 | ViAsLKPKMPIPZAEv3SnYy8nmd | false
[17/11/21] [15:57:22] socket connection step 4: player found WeirdNewbie
[17/11/21] [16:04:01] listening on 1222
[17/11/21] [16:04:08] socket connection step 3: player not found
[17/11/21] [16:35:09] WeirdNewbie call web:socket with 1222 | 26.129.61.254 | LB7myI8dumGWI2Ub6kOx666K8 | false
[17/11/21] [16:35:09] socket connection step 4: player found WeirdNewbie
[17/11/21] [16:46:50] listening on 1222
[17/11/21] [17:21:02] listening on 1222
[17/11/21] [17:32:02] listening on 1222
[17/11/21] [17:34:59] listening on 1222
[17/11/21] [17:40:13] listening on 1222
[17/11/21] [17:40:45] listening on 1222
[17/11/21] [17:55:22] listening on 1222
[17/11/21] [18:00:14] listening on 1222
[17/11/21] [22:44:47] listening on 1222
[22/11/21] [21:23:09] listening on 1222
[22/11/21] [21:27:12] listening on 1222
[22/11/21] [21:31:32] listening on 1222
[22/11/21] [21:47:04] listening on 1222
[22/11/21] [21:49:46] listening on 1222
[22/11/21] [22:03:48] listening on 1222
[22/11/21] [22:10:15] listening on 1222
[23/11/21] [17:48:08] listening on 1222
[23/11/21] [17:50:43] listening on 1222
[23/11/21] [18:04:40] listening on 1222
[23/11/21] [18:10:07] listening on 1222
[23/11/21] [19:11:16] listening on 1222
[25/11/21] [18:43:49] listening on 1222
[26/11/21] [09:56:08] listening on 1222
[26/11/21] [10:36:46] listening on 1222
[26/11/21] [13:29:18] listening on 1222
[26/11/21] [13:58:00] listening on 1222
[26/11/21] [14:04:04] listening on 1222
[26/11/21] [16:53:13] listening on 1222
[26/11/21] [16:59:13] listening on 1222
[26/11/21] [18:39:31] listening on 1222
[26/11/21] [20:20:44] listening on 1222
[26/11/21] [20:29:54] listening on 1222
[26/11/21] [20:31:22] listening on 1222
[26/11/21] [23:29:56] listening on 1222
[26/11/21] [23:30:18] listening on 1222
[27/11/21] [14:03:22] listening on 1222
[27/11/21] [15:20:57] listening on 1222
[27/11/21] [17:13:37] listening on 1222
[27/11/21] [17:23:51] listening on 1222
[27/11/21] [17:45:06] listening on 1222
[27/11/21] [17:58:25] listening on 1222
[27/11/21] [18:16:21] listening on 1222
[27/11/21] [18:28:11] listening on 1222
[27/11/21] [18:43:28] listening on 1222
[27/11/21] [18:48:45] listening on 1222
[27/11/21] [18:50:30] listening on 1222
[27/11/21] [18:52:30] listening on 1222
[27/11/21] [19:06:47] listening on 1222
[27/11/21] [19:09:10] listening on 1222
[27/11/21] [19:12:23] listening on 1222
[27/11/21] [19:14:15] listening on 1222
[27/11/21] [19:18:14] listening on 1222
[27/11/21] [19:22:44] listening on 1222
[27/11/21] [19:27:32] listening on 1222
[27/11/21] [19:31:27] listening on 1222
[27/11/21] [22:23:08] listening on 1222
[27/11/21] [22:31:28] command: socket WeirdNewbie
[27/11/21] [22:31:28] WeirdNewbie call web:socket with 1222 | 10.128.0.24 | bpoFDlajdTaNkEJpcldh6S5Dr | false
[27/11/21] [22:32:55] listening on 1222
[27/11/21] [23:12:35] listening on 1222
[27/11/21] [23:49:17] command: socket WeirdNewbie
[27/11/21] [23:49:17] WeirdNewbie call web:socket with 1222 | 10.128.0.24 | 0jWvPblbj4G4Ijnhs85kq43CI | false
[27/11/21] [23:49:26] command: socket WeirdNewbie
[27/11/21] [23:49:26] WeirdNewbie call web:socket with 1222 | 10.128.0.24 | hnAEJ321Jsn7C779SsRBHE3ke | false
[27/11/21] [23:49:39] command: socket WeirdNewbie
[27/11/21] [23:49:39] WeirdNewbie call web:socket with 1222 | 10.128.0.24 | BCB3mc3NI3guCBZ9DtnlexDYg | false
[28/11/21] [00:15:58] listening on 1222
[28/11/21] [00:22:30] listening on 1222
[28/11/21] [00:31:54] listening on 1222
[28/11/21] [00:33:34] listening on 1222
[28/11/21] [00:42:18] listening on 1222
[28/11/21] [00:52:37] listening on 1222
[28/11/21] [01:00:26] listening on 1222
[28/11/21] [01:03:56] listening on 1222
[28/11/21] [01:06:20] listening on 1222
[28/11/21] [01:10:48] listening on 1222
[28/11/21] [01:15:35] listening on 1222
[28/12/21] [01:19:07] listening on 1222
[28/12/21] [01:22:46] listening on 1222
[28/12/21] [01:24:46] listening on 1222
[28/12/21] [01:29:02] listening on 1222
[28/12/21] [01:40:08] listening on 1222
[28/12/21] [01:42:19] listening on 1222
[28/12/21] [01:48:44] listening on 1222
[28/12/21] [01:56:05] listening on 1222
[28/12/21] [02:00:55] listening on 1222
[28/12/21] [02:04:22] listening on 1222
[28/11/21] [02:13:17] listening on 1222
[28/11/21] [02:18:18] listening on 1222
[29/11/21] [11:36:15] listening on 1222
[29/11/21] [11:38:01] listening on 1222
[29/11/21] [11:50:14] listening on 1222
[29/11/21] [11:51:26] listening on 1222
[29/11/21] [11:55:23] listening on 1222
[29/11/21] [11:57:50] listening on 1222
[29/11/21] [12:04:00] listening on 1222
[29/11/21] [12:06:47] listening on 1222
[29/11/21] [12:13:05] listening on 1222
[29/11/21] [12:14:14] listening on 1222
[29/11/21] [12:15:10] listening on 1222
[29/11/21] [12:55:52] listening on 1222
[29/11/21] [13:42:25] listening on 1222
[29/11/21] [13:51:18] listening on 1222
[29/11/21] [13:54:54] listening on 1222
[29/11/21] [13:56:48] listening on 1222
[29/11/21] [13:36:53] listening on 1222
[29/11/21] [13:42:16] listening on 1222
[29/11/21] [13:51:56] listening on 1222
[29/11/21] [14:51:00] listening on 1222
[29/11/21] [15:21:09] listening on 1222
[29/11/21] [15:31:05] listening on 1222
[29/11/21] [15:38:27] listening on 1222
[29/11/21] [16:08:03] listening on 1222
[29/11/21] [16:12:39] listening on 1222
[29/11/21] [16:16:47] listening on 1222
[29/11/21] [16:18:25] listening on 1222
[29/11/21] [16:20:02] listening on 1222
[29/11/21] [16:24:21] listening on 1222
[29/11/21] [16:31:21] listening on 1222
[29/11/21] [16:35:17] listening on 1222
[29/11/21] [16:40:13] listening on 1222
[29/11/21] [16:46:48] listening on 1222
[29/11/21] [17:32:50] listening on 1222
[29/11/21] [17:37:41] listening on 1222
[29/11/21] [17:45:33] listening on 1222
[29/11/21] [17:53:39] listening on 1222
[29/11/21] [17:57:35] listening on 1222
[29/11/21] [18:06:53] listening on 1222
[29/11/21] [18:15:53] listening on 1222
[29/11/21] [18:19:41] listening on 1222
[29/11/21] [18:35:12] listening on 1222
[29/11/21] [18:38:05] listening on 1222
[29/11/21] [18:44:26] listening on 1222
[29/11/21] [18:49:47] listening on 1222
[29/11/21] [18:54:39] listening on 1222
[29/11/21] [18:59:48] listening on 1222
[29/11/21] [19:07:08] listening on 1222
[29/11/21] [19:14:09] listening on 1222
[29/11/21] [19:16:29] listening on 1222
[29/11/21] [19:21:28] listening on 1222
[29/11/21] [19:22:30] listening on 1222
[29/11/21] [19:24:00] listening on 1222
[29/11/21] [19:26:05] listening on 1222
[29/11/21] [19:31:56] listening on 1222
[29/11/21] [19:34:00] listening on 1222
[29/11/21] [19:42:17] listening on 1222
[29/11/21] [19:47:43] listening on 1222
[29/11/21] [19:53:05] listening on 1222
[29/11/21] [19:54:32] listening on 1222
[29/11/21] [20:01:23] listening on 1222
[29/11/21] [20:18:54] listening on 1222
[29/11/21] [20:21:35] listening on 1222
[29/11/21] [20:24:34] listening on 1222
[29/11/21] [20:31:38] listening on 1222
[29/11/21] [20:40:14] listening on 1222
[29/11/21] [20:42:00] listening on 1222
[29/11/21] [20:48:18] listening on 1222
[29/11/21] [20:50:27] listening on 1222
[29/11/21] [20:52:00] listening on 1222
[29/11/21] [21:29:21] listening on 1222
[29/11/21] [21:47:31] listening on 1222
[30/11/21] [09:11:31] listening on 1222
[30/11/21] [09:44:28] listening on 1222
[30/11/21] [09:53:57] listening on 1222
[30/11/21] [09:57:27] listening on 1222
[30/11/21] [10:05:54] listening on 1222
[30/11/21] [10:22:00] listening on 1222
[30/11/21] [10:25:46] listening on 1222
[30/11/21] [10:30:56] listening on 1222
[30/11/21] [10:34:15] listening on 1222
[30/11/21] [11:01:52] listening on 1222
[30/11/21] [14:51:48] listening on 1222
[30/11/21] [15:08:26] listening on 1222
[30/11/21] [15:10:37] listening on 1222
[30/11/21] [15:27:00] listening on 1222
[30/11/21] [15:31:55] listening on 1222
[30/11/21] [15:34:56] listening on 1222
[30/11/21] [16:04:25] listening on 1222
[30/11/21] [16:06:58] listening on 1222
[30/11/21] [16:08:31] listening on 1222
[30/11/21] [16:47:53] listening on 1222
[30/11/21] [18:38:23] listening on 1222
[01/12/21] [14:50:10] listening on 1222
[01/12/21] [16:43:10] listening on 1222
[01/12/21] [16:51:03] listening on 1222
[01/12/21] [16:55:07] listening on 1222
[01/12/21] [16:58:15] listening on 1222
[01/12/21] [17:03:53] listening on 1222
[01/12/21] [17:11:35] listening on 1222
[01/12/21] [17:22:32] listening on 1222
[01/12/21] [17:29:06] listening on 1222
[01/12/21] [17:37:44] listening on 1222
[01/12/21] [17:40:33] listening on 1222
[01/12/21] [17:43:52] listening on 1222
[01/12/21] [17:57:23] listening on 1222
[01/12/21] [17:58:22] listening on 1222
[01/12/21] [18:04:25] listening on 1222
[01/12/21] [18:10:09] listening on 1222
[01/12/21] [18:13:19] listening on 1222
[01/12/21] [18:16:48] listening on 1222
[01/12/21] [18:19:20] listening on 1222
[01/12/21] [18:29:42] listening on 1222
[01/12/21] [18:43:52] listening on 1222
[01/12/21] [18:48:54] listening on 1222
[01/12/21] [18:54:25] listening on 1222
[01/12/21] [18:58:22] listening on 1222
